17-Jan-2023 17:22:27.683 정보 [main] org.apache.catalina.startup.VersionLoggerListener.log 서버 버전 이름:    Apache Tomcat/8.5.84
17-Jan-2023 17:22:27.688 정보 [main] org.apache.catalina.startup.VersionLoggerListener.log Server 빌드 시각:  Nov 16 2022 13:34:24 UTC
17-Jan-2023 17:22:27.689 정보 [main] org.apache.catalina.startup.VersionLoggerListener.log Server 버전 번호:  8.5.84.0
17-Jan-2023 17:22:27.689 정보 [main] org.apache.catalina.startup.VersionLoggerListener.log 운영체제 이름:     Windows 10
17-Jan-2023 17:22:27.689 정보 [main] org.apache.catalina.startup.VersionLoggerListener.log 운영체제 버전:     10.0
17-Jan-2023 17:22:27.690 정보 [main] org.apache.catalina.startup.VersionLoggerListener.log 아키텍처:          amd64
17-Jan-2023 17:22:27.690 정보 [main] org.apache.catalina.startup.VersionLoggerListener.log 자바 홈:           C:\Program Files\java-11
17-Jan-2023 17:22:27.690 정보 [main] org.apache.catalina.startup.VersionLoggerListener.log JVM 버전:          11.0.15+9-LTS
17-Jan-2023 17:22:27.690 정보 [main] org.apache.catalina.startup.VersionLoggerListener.log JVM 벤더:          ojdkbuild
17-Jan-2023 17:22:27.690 정보 [main] org.apache.catalina.startup.VersionLoggerListener.log CATALINA_BASE:     C:\Program Files\CODE\apache-tomcat-8.5.84
17-Jan-2023 17:22:27.691 정보 [main] org.apache.catalina.startup.VersionLoggerListener.log CATALINA_HOME:     C:\Program Files\CODE\apache-tomcat-8.5.84
17-Jan-2023 17:22:27.692 정보 [main] org.apache.catalina.startup.VersionLoggerListener.log 명령 행 아규먼트:  --add-opens=java.base/java.lang=ALL-UNNAMED
17-Jan-2023 17:22:27.692 정보 [main] org.apache.catalina.startup.VersionLoggerListener.log 명령 행 아규먼트:  --add-opens=java.base/java.io=ALL-UNNAMED
17-Jan-2023 17:22:27.693 정보 [main] org.apache.catalina.startup.VersionLoggerListener.log 명령 행 아규먼트:  --add-opens=java.base/java.util=ALL-UNNAMED
17-Jan-2023 17:22:27.693 정보 [main] org.apache.catalina.startup.VersionLoggerListener.log 명령 행 아규먼트:  --add-opens=java.base/java.util.concurrent=ALL-UNNAMED
17-Jan-2023 17:22:27.694 정보 [main] org.apache.catalina.startup.VersionLoggerListener.log 명령 행 아규먼트:  --add-opens=java.rmi/sun.rmi.transport=ALL-UNNAMED
17-Jan-2023 17:22:27.695 정보 [main] org.apache.catalina.startup.VersionLoggerListener.log 명령 행 아규먼트:  -Djava.util.logging.config.file=C:\Program Files\CODE\apache-tomcat-8.5.84\conf\logging.properties
17-Jan-2023 17:22:27.695 정보 [main] org.apache.catalina.startup.VersionLoggerListener.log 명령 행 아규먼트:  -Djava.util.logging.manager=org.apache.juli.ClassLoaderLogManager
17-Jan-2023 17:22:27.696 정보 [main] org.apache.catalina.startup.VersionLoggerListener.log 명령 행 아규먼트:  -Djdk.tls.ephemeralDHKeySize=2048
17-Jan-2023 17:22:27.697 정보 [main] org.apache.catalina.startup.VersionLoggerListener.log 명령 행 아규먼트:  -Djava.protocol.handler.pkgs=org.apache.catalina.webresources
17-Jan-2023 17:22:27.698 정보 [main] org.apache.catalina.startup.VersionLoggerListener.log 명령 행 아규먼트:  -Dignore.endorsed.dirs=
17-Jan-2023 17:22:27.698 정보 [main] org.apache.catalina.startup.VersionLoggerListener.log 명령 행 아규먼트:  -Dcatalina.base=C:\Program Files\CODE\apache-tomcat-8.5.84
17-Jan-2023 17:22:27.699 정보 [main] org.apache.catalina.startup.VersionLoggerListener.log 명령 행 아규먼트:  -Dcatalina.home=C:\Program Files\CODE\apache-tomcat-8.5.84
17-Jan-2023 17:22:27.700 정보 [main] org.apache.catalina.startup.VersionLoggerListener.log 명령 행 아규먼트:  -Djava.io.tmpdir=C:\Program Files\CODE\apache-tomcat-8.5.84\temp
17-Jan-2023 17:22:27.700 정보 [main] org.apache.catalina.core.AprLifecycleListener.lifecycleEvent APR 버전 [1.7.0]을(를) 사용한, APR 기반 Apache Tomcat Native 라이브러리 [1.2.35]을(를) 로드했습니다.
17-Jan-2023 17:22:27.702 정보 [main] org.apache.catalina.core.AprLifecycleListener.lifecycleEvent APR 용량정보들: IPv6 [true], sendfile [true], accept filters [false], random [true], UDS [{4}].
17-Jan-2023 17:22:27.703 정보 [main] org.apache.catalina.core.AprLifecycleListener.lifecycleEvent APR/OpenSSL 설정: useAprConnector [false], useOpenSSL [true]
17-Jan-2023 17:22:27.709 정보 [main] org.apache.catalina.core.AprLifecycleListener.initializeSSL OpenSSL이 성공적으로 초기화되었습니다: [OpenSSL 1.1.1q  5 Jul 2022]
17-Jan-2023 17:22:27.744 정보 [main] org.apache.coyote.AbstractProtocol.init 프로토콜 핸들러 ["http-nio-8080"]을(를) 초기화합니다.
17-Jan-2023 17:22:27.757 심각 [main] org.apache.catalina.core.StandardService.initInternal Failed to initialize connector [Connector[HTTP/1.1-8080]]
	org.apache.catalina.LifecycleException: 프로토콜 핸들러 초기화가 실패했습니다.
		at org.apache.catalina.connector.Connector.initInternal(Connector.java:1114)
		at org.apache.catalina.util.LifecycleBase.init(LifecycleBase.java:136)
		at org.apache.catalina.core.StandardService.initInternal(StandardService.java:569)
		at org.apache.catalina.util.LifecycleBase.init(LifecycleBase.java:136)
		at org.apache.catalina.core.StandardServer.initInternal(StandardServer.java:874)
		at org.apache.catalina.util.LifecycleBase.init(LifecycleBase.java:136)
		at org.apache.catalina.startup.Catalina.load(Catalina.java:646)
		at org.apache.catalina.startup.Catalina.load(Catalina.java:669)
		at java.base/jdk.internal.reflect.NativeMethodAccessorImpl.invoke0(Native Method)
		at java.base/jdk.internal.reflect.NativeMethodAccessorImpl.invoke(NativeMethodAccessorImpl.java:62)
		at java.base/jdk.internal.reflect.DelegatingMethodAccessorImpl.invoke(DelegatingMethodAccessorImpl.java:43)
		at java.base/java.lang.reflect.Method.invoke(Method.java:566)
		at org.apache.catalina.startup.Bootstrap.load(Bootstrap.java:305)
		at org.apache.catalina.startup.Bootstrap.main(Bootstrap.java:475)
	Caused by: java.net.BindException: Address already in use: bind
		at java.base/sun.nio.ch.Net.bind0(Native Method)
		at java.base/sun.nio.ch.Net.bind(Net.java:459)
		at java.base/sun.nio.ch.Net.bind(Net.java:448)
		at java.base/sun.nio.ch.ServerSocketChannelImpl.bind(ServerSocketChannelImpl.java:227)
		at java.base/sun.nio.ch.ServerSocketAdaptor.bind(ServerSocketAdaptor.java:80)
		at org.apache.tomcat.util.net.NioEndpoint.initServerSocket(NioEndpoint.java:225)
		at org.apache.tomcat.util.net.NioEndpoint.bind(NioEndpoint.java:201)
		at org.apache.tomcat.util.net.AbstractEndpoint.bindWithCleanup(AbstractEndpoint.java:1221)
		at org.apache.tomcat.util.net.AbstractEndpoint.init(AbstractEndpoint.java:1234)
		at org.apache.tomcat.util.net.AbstractJsseEndpoint.init(AbstractJsseEndpoint.java:230)
		at org.apache.coyote.AbstractProtocol.init(AbstractProtocol.java:636)
		at org.apache.coyote.http11.AbstractHttp11Protocol.init(AbstractHttp11Protocol.java:77)
		at org.apache.catalina.connector.Connector.initInternal(Connector.java:1111)
		... 13 more
17-Jan-2023 17:22:27.759 정보 [main] org.apache.catalina.startup.Catalina.load Initialization processed in 392 ms
17-Jan-2023 17:22:27.800 정보 [main] org.apache.catalina.core.StandardService.startInternal 서비스 [Catalina]을(를) 시작합니다.
17-Jan-2023 17:22:27.802 정보 [main] org.apache.catalina.core.StandardEngine.startInternal 서버 엔진을 시작합니다: [Apache Tomcat/8.5.84]
17-Jan-2023 17:22:27.813 정보 [localhost-startStop-1] org.apache.catalina.startup.HostConfig.deployDirectory 웹 애플리케이션 디렉토리 [C:\Program Files\CODE\apache-tomcat-8.5.84\webapps\docs]을(를) 배치합니다.
17-Jan-2023 17:22:28.450 경고 [localhost-startStop-1] org.apache.catalina.util.SessionIdGeneratorBase.createSecureRandom [SHA1PRNG] 알고리즘을 사용하여, 세션 ID를 생성하기 위한 SecureRandom 객체를 생성하는데, [437] 밀리초가 소요됐습니다.
17-Jan-2023 17:22:28.471 정보 [localhost-startStop-1] org.apache.catalina.startup.HostConfig.deployDirectory 웹 애플리케이션 디렉토리 [C:\Program Files\CODE\apache-tomcat-8.5.84\webapps\docs]에 대한 배치가 [658] 밀리초에 완료되었습니다.
17-Jan-2023 17:22:28.473 정보 [localhost-startStop-1] org.apache.catalina.startup.HostConfig.deployDirectory 웹 애플리케이션 디렉토리 [C:\Program Files\CODE\apache-tomcat-8.5.84\webapps\examples]을(를) 배치합니다.
17-Jan-2023 17:22:28.894 정보 [localhost-startStop-1] org.apache.catalina.startup.HostConfig.deployDirectory 웹 애플리케이션 디렉토리 [C:\Program Files\CODE\apache-tomcat-8.5.84\webapps\examples]에 대한 배치가 [421] 밀리초에 완료되었습니다.
17-Jan-2023 17:22:28.897 정보 [localhost-startStop-1] org.apache.catalina.startup.HostConfig.deployDirectory 웹 애플리케이션 디렉토리 [C:\Program Files\CODE\apache-tomcat-8.5.84\webapps\host-manager]을(를) 배치합니다.
17-Jan-2023 17:22:28.933 정보 [localhost-startStop-1] org.apache.catalina.startup.HostConfig.deployDirectory 웹 애플리케이션 디렉토리 [C:\Program Files\CODE\apache-tomcat-8.5.84\webapps\host-manager]에 대한 배치가 [36] 밀리초에 완료되었습니다.
17-Jan-2023 17:22:28.935 정보 [localhost-startStop-1] org.apache.catalina.startup.HostConfig.deployDirectory 웹 애플리케이션 디렉토리 [C:\Program Files\CODE\apache-tomcat-8.5.84\webapps\manager]을(를) 배치합니다.
17-Jan-2023 17:22:28.970 정보 [localhost-startStop-1] org.apache.catalina.startup.HostConfig.deployDirectory 웹 애플리케이션 디렉토리 [C:\Program Files\CODE\apache-tomcat-8.5.84\webapps\manager]에 대한 배치가 [35] 밀리초에 완료되었습니다.
17-Jan-2023 17:22:28.971 정보 [localhost-startStop-1] org.apache.catalina.startup.HostConfig.deployDirectory 웹 애플리케이션 디렉토리 [C:\Program Files\CODE\apache-tomcat-8.5.84\webapps\ROOT]을(를) 배치합니다.
17-Jan-2023 17:22:28.996 정보 [localhost-startStop-1] org.apache.catalina.startup.HostConfig.deployDirectory 웹 애플리케이션 디렉토리 [C:\Program Files\CODE\apache-tomcat-8.5.84\webapps\ROOT]에 대한 배치가 [25] 밀리초에 완료되었습니다.
17-Jan-2023 17:22:29.001 정보 [main] org.apache.catalina.startup.Catalina.start Server startup in 1241 ms
17-Jan-2023 17:30:24.473 심각 [main] org.apache.catalina.startup.Catalina.stopServer [localhost:8005] (base 포트 [8005] 그리고 offset [0])와(과) 연결할 수 없었습니다. Tomcat이 실행 중이지 않을 수 있습니다.
17-Jan-2023 17:30:28.173 정보 [main] org.apache.catalina.startup.VersionLoggerListener.log 서버 버전 이름:    Apache Tomcat/8.5.84
17-Jan-2023 17:30:28.179 정보 [main] org.apache.catalina.startup.VersionLoggerListener.log Server 빌드 시각:  Nov 16 2022 13:34:24 UTC
17-Jan-2023 17:30:28.180 정보 [main] org.apache.catalina.startup.VersionLoggerListener.log Server 버전 번호:  8.5.84.0
17-Jan-2023 17:30:28.180 정보 [main] org.apache.catalina.startup.VersionLoggerListener.log 운영체제 이름:     Windows 10
17-Jan-2023 17:30:28.180 정보 [main] org.apache.catalina.startup.VersionLoggerListener.log 운영체제 버전:     10.0
17-Jan-2023 17:30:28.180 정보 [main] org.apache.catalina.startup.VersionLoggerListener.log 아키텍처:          amd64
17-Jan-2023 17:30:28.180 정보 [main] org.apache.catalina.startup.VersionLoggerListener.log 자바 홈:           C:\Program Files\java-11
17-Jan-2023 17:30:28.180 정보 [main] org.apache.catalina.startup.VersionLoggerListener.log JVM 버전:          11.0.15+9-LTS
17-Jan-2023 17:30:28.181 정보 [main] org.apache.catalina.startup.VersionLoggerListener.log JVM 벤더:          ojdkbuild
17-Jan-2023 17:30:28.181 정보 [main] org.apache.catalina.startup.VersionLoggerListener.log CATALINA_BASE:     C:\Program Files\CODE\apache-tomcat-8.5.84
17-Jan-2023 17:30:28.181 정보 [main] org.apache.catalina.startup.VersionLoggerListener.log CATALINA_HOME:     C:\Program Files\CODE\apache-tomcat-8.5.84
17-Jan-2023 17:30:28.182 정보 [main] org.apache.catalina.startup.VersionLoggerListener.log 명령 행 아규먼트:  --add-opens=java.base/java.lang=ALL-UNNAMED
17-Jan-2023 17:30:28.183 정보 [main] org.apache.catalina.startup.VersionLoggerListener.log 명령 행 아규먼트:  --add-opens=java.base/java.io=ALL-UNNAMED
17-Jan-2023 17:30:28.184 정보 [main] org.apache.catalina.startup.VersionLoggerListener.log 명령 행 아규먼트:  --add-opens=java.base/java.util=ALL-UNNAMED
17-Jan-2023 17:30:28.184 정보 [main] org.apache.catalina.startup.VersionLoggerListener.log 명령 행 아규먼트:  --add-opens=java.base/java.util.concurrent=ALL-UNNAMED
17-Jan-2023 17:30:28.185 정보 [main] org.apache.catalina.startup.VersionLoggerListener.log 명령 행 아규먼트:  --add-opens=java.rmi/sun.rmi.transport=ALL-UNNAMED
17-Jan-2023 17:30:28.186 정보 [main] org.apache.catalina.startup.VersionLoggerListener.log 명령 행 아규먼트:  -Djava.util.logging.config.file=C:\Program Files\CODE\apache-tomcat-8.5.84\conf\logging.properties
17-Jan-2023 17:30:28.187 정보 [main] org.apache.catalina.startup.VersionLoggerListener.log 명령 행 아규먼트:  -Djava.util.logging.manager=org.apache.juli.ClassLoaderLogManager
17-Jan-2023 17:30:28.187 정보 [main] org.apache.catalina.startup.VersionLoggerListener.log 명령 행 아규먼트:  -Djdk.tls.ephemeralDHKeySize=2048
17-Jan-2023 17:30:28.188 정보 [main] org.apache.catalina.startup.VersionLoggerListener.log 명령 행 아규먼트:  -Djava.protocol.handler.pkgs=org.apache.catalina.webresources
17-Jan-2023 17:30:28.189 정보 [main] org.apache.catalina.startup.VersionLoggerListener.log 명령 행 아규먼트:  -Dignore.endorsed.dirs=
17-Jan-2023 17:30:28.190 정보 [main] org.apache.catalina.startup.VersionLoggerListener.log 명령 행 아규먼트:  -Dcatalina.base=C:\Program Files\CODE\apache-tomcat-8.5.84
17-Jan-2023 17:30:28.191 정보 [main] org.apache.catalina.startup.VersionLoggerListener.log 명령 행 아규먼트:  -Dcatalina.home=C:\Program Files\CODE\apache-tomcat-8.5.84
17-Jan-2023 17:30:28.192 정보 [main] org.apache.catalina.startup.VersionLoggerListener.log 명령 행 아규먼트:  -Djava.io.tmpdir=C:\Program Files\CODE\apache-tomcat-8.5.84\temp
17-Jan-2023 17:30:28.192 정보 [main] org.apache.catalina.core.AprLifecycleListener.lifecycleEvent APR 버전 [1.7.0]을(를) 사용한, APR 기반 Apache Tomcat Native 라이브러리 [1.2.35]을(를) 로드했습니다.
17-Jan-2023 17:30:28.193 정보 [main] org.apache.catalina.core.AprLifecycleListener.lifecycleEvent APR 용량정보들: IPv6 [true], sendfile [true], accept filters [false], random [true], UDS [{4}].
17-Jan-2023 17:30:28.194 정보 [main] org.apache.catalina.core.AprLifecycleListener.lifecycleEvent APR/OpenSSL 설정: useAprConnector [false], useOpenSSL [true]
17-Jan-2023 17:30:28.199 정보 [main] org.apache.catalina.core.AprLifecycleListener.initializeSSL OpenSSL이 성공적으로 초기화되었습니다: [OpenSSL 1.1.1q  5 Jul 2022]
17-Jan-2023 17:30:28.239 정보 [main] org.apache.coyote.AbstractProtocol.init 프로토콜 핸들러 ["http-nio-8080"]을(를) 초기화합니다.
17-Jan-2023 17:30:28.253 심각 [main] org.apache.catalina.core.StandardService.initInternal Failed to initialize connector [Connector[HTTP/1.1-8080]]
	org.apache.catalina.LifecycleException: 프로토콜 핸들러 초기화가 실패했습니다.
		at org.apache.catalina.connector.Connector.initInternal(Connector.java:1114)
		at org.apache.catalina.util.LifecycleBase.init(LifecycleBase.java:136)
		at org.apache.catalina.core.StandardService.initInternal(StandardService.java:569)
		at org.apache.catalina.util.LifecycleBase.init(LifecycleBase.java:136)
		at org.apache.catalina.core.StandardServer.initInternal(StandardServer.java:874)
		at org.apache.catalina.util.LifecycleBase.init(LifecycleBase.java:136)
		at org.apache.catalina.startup.Catalina.load(Catalina.java:646)
		at org.apache.catalina.startup.Catalina.load(Catalina.java:669)
		at java.base/jdk.internal.reflect.NativeMethodAccessorImpl.invoke0(Native Method)
		at java.base/jdk.internal.reflect.NativeMethodAccessorImpl.invoke(NativeMethodAccessorImpl.java:62)
		at java.base/jdk.internal.reflect.DelegatingMethodAccessorImpl.invoke(DelegatingMethodAccessorImpl.java:43)
		at java.base/java.lang.reflect.Method.invoke(Method.java:566)
		at org.apache.catalina.startup.Bootstrap.load(Bootstrap.java:305)
		at org.apache.catalina.startup.Bootstrap.main(Bootstrap.java:475)
	Caused by: java.net.BindException: Address already in use: bind
		at java.base/sun.nio.ch.Net.bind0(Native Method)
		at java.base/sun.nio.ch.Net.bind(Net.java:459)
		at java.base/sun.nio.ch.Net.bind(Net.java:448)
		at java.base/sun.nio.ch.ServerSocketChannelImpl.bind(ServerSocketChannelImpl.java:227)
		at java.base/sun.nio.ch.ServerSocketAdaptor.bind(ServerSocketAdaptor.java:80)
		at org.apache.tomcat.util.net.NioEndpoint.initServerSocket(NioEndpoint.java:225)
		at org.apache.tomcat.util.net.NioEndpoint.bind(NioEndpoint.java:201)
		at org.apache.tomcat.util.net.AbstractEndpoint.bindWithCleanup(AbstractEndpoint.java:1221)
		at org.apache.tomcat.util.net.AbstractEndpoint.init(AbstractEndpoint.java:1234)
		at org.apache.tomcat.util.net.AbstractJsseEndpoint.init(AbstractJsseEndpoint.java:230)
		at org.apache.coyote.AbstractProtocol.init(AbstractProtocol.java:636)
		at org.apache.coyote.http11.AbstractHttp11Protocol.init(AbstractHttp11Protocol.java:77)
		at org.apache.catalina.connector.Connector.initInternal(Connector.java:1111)
		... 13 more
17-Jan-2023 17:30:28.255 정보 [main] org.apache.catalina.startup.Catalina.load Initialization processed in 402 ms
17-Jan-2023 17:30:28.301 정보 [main] org.apache.catalina.core.StandardService.startInternal 서비스 [Catalina]을(를) 시작합니다.
17-Jan-2023 17:30:28.302 정보 [main] org.apache.catalina.core.StandardEngine.startInternal 서버 엔진을 시작합니다: [Apache Tomcat/8.5.84]
17-Jan-2023 17:30:28.312 정보 [localhost-startStop-1] org.apache.catalina.startup.HostConfig.deployDirectory 웹 애플리케이션 디렉토리 [C:\Program Files\CODE\apache-tomcat-8.5.84\webapps\docs]을(를) 배치합니다.
17-Jan-2023 17:30:28.937 경고 [localhost-startStop-1] org.apache.catalina.util.SessionIdGeneratorBase.createSecureRandom [SHA1PRNG] 알고리즘을 사용하여, 세션 ID를 생성하기 위한 SecureRandom 객체를 생성하는데, [435] 밀리초가 소요됐습니다.
17-Jan-2023 17:30:28.956 정보 [localhost-startStop-1] org.apache.catalina.startup.HostConfig.deployDirectory 웹 애플리케이션 디렉토리 [C:\Program Files\CODE\apache-tomcat-8.5.84\webapps\docs]에 대한 배치가 [644] 밀리초에 완료되었습니다.
17-Jan-2023 17:30:28.958 정보 [localhost-startStop-1] org.apache.catalina.startup.HostConfig.deployDirectory 웹 애플리케이션 디렉토리 [C:\Program Files\CODE\apache-tomcat-8.5.84\webapps\examples]을(를) 배치합니다.
17-Jan-2023 17:30:29.265 정보 [localhost-startStop-1] org.apache.catalina.startup.HostConfig.deployDirectory 웹 애플리케이션 디렉토리 [C:\Program Files\CODE\apache-tomcat-8.5.84\webapps\examples]에 대한 배치가 [307] 밀리초에 완료되었습니다.
17-Jan-2023 17:30:29.267 정보 [localhost-startStop-1] org.apache.catalina.startup.HostConfig.deployDirectory 웹 애플리케이션 디렉토리 [C:\Program Files\CODE\apache-tomcat-8.5.84\webapps\host-manager]을(를) 배치합니다.
17-Jan-2023 17:30:29.298 정보 [localhost-startStop-1] org.apache.catalina.startup.HostConfig.deployDirectory 웹 애플리케이션 디렉토리 [C:\Program Files\CODE\apache-tomcat-8.5.84\webapps\host-manager]에 대한 배치가 [31] 밀리초에 완료되었습니다.
17-Jan-2023 17:30:29.300 정보 [localhost-startStop-1] org.apache.catalina.startup.HostConfig.deployDirectory 웹 애플리케이션 디렉토리 [C:\Program Files\CODE\apache-tomcat-8.5.84\webapps\manager]을(를) 배치합니다.
17-Jan-2023 17:30:29.328 정보 [localhost-startStop-1] org.apache.catalina.startup.HostConfig.deployDirectory 웹 애플리케이션 디렉토리 [C:\Program Files\CODE\apache-tomcat-8.5.84\webapps\manager]에 대한 배치가 [29] 밀리초에 완료되었습니다.
17-Jan-2023 17:30:29.330 정보 [localhost-startStop-1] org.apache.catalina.startup.HostConfig.deployDirectory 웹 애플리케이션 디렉토리 [C:\Program Files\CODE\apache-tomcat-8.5.84\webapps\ROOT]을(를) 배치합니다.
17-Jan-2023 17:30:29.353 정보 [localhost-startStop-1] org.apache.catalina.startup.HostConfig.deployDirectory 웹 애플리케이션 디렉토리 [C:\Program Files\CODE\apache-tomcat-8.5.84\webapps\ROOT]에 대한 배치가 [23] 밀리초에 완료되었습니다.
17-Jan-2023 17:30:29.357 정보 [main] org.apache.catalina.startup.Catalina.start Server startup in 1100 ms
17-Jan-2023 17:40:38.967 심각 [main] org.apache.catalina.startup.Catalina.stopServer [localhost:8005] (base 포트 [8005] 그리고 offset [0])와(과) 연결할 수 없었습니다. Tomcat이 실행 중이지 않을 수 있습니다.
17-Jan-2023 17:40:46.807 정보 [main] org.apache.catalina.startup.VersionLoggerListener.log 서버 버전 이름:    Apache Tomcat/8.5.84
17-Jan-2023 17:40:46.812 정보 [main] org.apache.catalina.startup.VersionLoggerListener.log Server 빌드 시각:  Nov 16 2022 13:34:24 UTC
17-Jan-2023 17:40:46.812 정보 [main] org.apache.catalina.startup.VersionLoggerListener.log Server 버전 번호:  8.5.84.0
17-Jan-2023 17:40:46.813 정보 [main] org.apache.catalina.startup.VersionLoggerListener.log 운영체제 이름:     Windows 10
17-Jan-2023 17:40:46.813 정보 [main] org.apache.catalina.startup.VersionLoggerListener.log 운영체제 버전:     10.0
17-Jan-2023 17:40:46.814 정보 [main] org.apache.catalina.startup.VersionLoggerListener.log 아키텍처:          amd64
17-Jan-2023 17:40:46.814 정보 [main] org.apache.catalina.startup.VersionLoggerListener.log 자바 홈:           C:\Program Files\java-11
17-Jan-2023 17:40:46.814 정보 [main] org.apache.catalina.startup.VersionLoggerListener.log JVM 버전:          11.0.15+9-LTS
17-Jan-2023 17:40:46.814 정보 [main] org.apache.catalina.startup.VersionLoggerListener.log JVM 벤더:          ojdkbuild
17-Jan-2023 17:40:46.814 정보 [main] org.apache.catalina.startup.VersionLoggerListener.log CATALINA_BASE:     C:\Program Files\CODE\apache-tomcat-8.5.84
17-Jan-2023 17:40:46.815 정보 [main] org.apache.catalina.startup.VersionLoggerListener.log CATALINA_HOME:     C:\Program Files\CODE\apache-tomcat-8.5.84
17-Jan-2023 17:40:46.816 정보 [main] org.apache.catalina.startup.VersionLoggerListener.log 명령 행 아규먼트:  --add-opens=java.base/java.lang=ALL-UNNAMED
17-Jan-2023 17:40:46.817 정보 [main] org.apache.catalina.startup.VersionLoggerListener.log 명령 행 아규먼트:  --add-opens=java.base/java.io=ALL-UNNAMED
17-Jan-2023 17:40:46.818 정보 [main] org.apache.catalina.startup.VersionLoggerListener.log 명령 행 아규먼트:  --add-opens=java.base/java.util=ALL-UNNAMED
17-Jan-2023 17:40:46.818 정보 [main] org.apache.catalina.startup.VersionLoggerListener.log 명령 행 아규먼트:  --add-opens=java.base/java.util.concurrent=ALL-UNNAMED
17-Jan-2023 17:40:46.819 정보 [main] org.apache.catalina.startup.VersionLoggerListener.log 명령 행 아규먼트:  --add-opens=java.rmi/sun.rmi.transport=ALL-UNNAMED
17-Jan-2023 17:40:46.819 정보 [main] org.apache.catalina.startup.VersionLoggerListener.log 명령 행 아규먼트:  -Djava.util.logging.config.file=C:\Program Files\CODE\apache-tomcat-8.5.84\conf\logging.properties
17-Jan-2023 17:40:46.820 정보 [main] org.apache.catalina.startup.VersionLoggerListener.log 명령 행 아규먼트:  -Djava.util.logging.manager=org.apache.juli.ClassLoaderLogManager
17-Jan-2023 17:40:46.821 정보 [main] org.apache.catalina.startup.VersionLoggerListener.log 명령 행 아규먼트:  -Djdk.tls.ephemeralDHKeySize=2048
17-Jan-2023 17:40:46.821 정보 [main] org.apache.catalina.startup.VersionLoggerListener.log 명령 행 아규먼트:  -Djava.protocol.handler.pkgs=org.apache.catalina.webresources
17-Jan-2023 17:40:46.822 정보 [main] org.apache.catalina.startup.VersionLoggerListener.log 명령 행 아규먼트:  -Dignore.endorsed.dirs=
17-Jan-2023 17:40:46.823 정보 [main] org.apache.catalina.startup.VersionLoggerListener.log 명령 행 아규먼트:  -Dcatalina.base=C:\Program Files\CODE\apache-tomcat-8.5.84
17-Jan-2023 17:40:46.824 정보 [main] org.apache.catalina.startup.VersionLoggerListener.log 명령 행 아규먼트:  -Dcatalina.home=C:\Program Files\CODE\apache-tomcat-8.5.84
17-Jan-2023 17:40:46.825 정보 [main] org.apache.catalina.startup.VersionLoggerListener.log 명령 행 아규먼트:  -Djava.io.tmpdir=C:\Program Files\CODE\apache-tomcat-8.5.84\temp
17-Jan-2023 17:40:46.825 정보 [main] org.apache.catalina.core.AprLifecycleListener.lifecycleEvent APR 버전 [1.7.0]을(를) 사용한, APR 기반 Apache Tomcat Native 라이브러리 [1.2.35]을(를) 로드했습니다.
17-Jan-2023 17:40:46.826 정보 [main] org.apache.catalina.core.AprLifecycleListener.lifecycleEvent APR 용량정보들: IPv6 [true], sendfile [true], accept filters [false], random [true], UDS [{4}].
17-Jan-2023 17:40:46.829 정보 [main] org.apache.catalina.core.AprLifecycleListener.lifecycleEvent APR/OpenSSL 설정: useAprConnector [false], useOpenSSL [true]
17-Jan-2023 17:40:46.835 정보 [main] org.apache.catalina.core.AprLifecycleListener.initializeSSL OpenSSL이 성공적으로 초기화되었습니다: [OpenSSL 1.1.1q  5 Jul 2022]
17-Jan-2023 17:40:46.872 정보 [main] org.apache.coyote.AbstractProtocol.init 프로토콜 핸들러 ["http-nio-8080"]을(를) 초기화합니다.
17-Jan-2023 17:40:46.883 심각 [main] org.apache.catalina.core.StandardService.initInternal Failed to initialize connector [Connector[HTTP/1.1-8080]]
	org.apache.catalina.LifecycleException: 프로토콜 핸들러 초기화가 실패했습니다.
		at org.apache.catalina.connector.Connector.initInternal(Connector.java:1114)
		at org.apache.catalina.util.LifecycleBase.init(LifecycleBase.java:136)
		at org.apache.catalina.core.StandardService.initInternal(StandardService.java:569)
		at org.apache.catalina.util.LifecycleBase.init(LifecycleBase.java:136)
		at org.apache.catalina.core.StandardServer.initInternal(StandardServer.java:874)
		at org.apache.catalina.util.LifecycleBase.init(LifecycleBase.java:136)
		at org.apache.catalina.startup.Catalina.load(Catalina.java:646)
		at org.apache.catalina.startup.Catalina.load(Catalina.java:669)
		at java.base/jdk.internal.reflect.NativeMethodAccessorImpl.invoke0(Native Method)
		at java.base/jdk.internal.reflect.NativeMethodAccessorImpl.invoke(NativeMethodAccessorImpl.java:62)
		at java.base/jdk.internal.reflect.DelegatingMethodAccessorImpl.invoke(DelegatingMethodAccessorImpl.java:43)
		at java.base/java.lang.reflect.Method.invoke(Method.java:566)
		at org.apache.catalina.startup.Bootstrap.load(Bootstrap.java:305)
		at org.apache.catalina.startup.Bootstrap.main(Bootstrap.java:475)
	Caused by: java.net.BindException: Address already in use: bind
		at java.base/sun.nio.ch.Net.bind0(Native Method)
		at java.base/sun.nio.ch.Net.bind(Net.java:459)
		at java.base/sun.nio.ch.Net.bind(Net.java:448)
		at java.base/sun.nio.ch.ServerSocketChannelImpl.bind(ServerSocketChannelImpl.java:227)
		at java.base/sun.nio.ch.ServerSocketAdaptor.bind(ServerSocketAdaptor.java:80)
		at org.apache.tomcat.util.net.NioEndpoint.initServerSocket(NioEndpoint.java:225)
		at org.apache.tomcat.util.net.NioEndpoint.bind(NioEndpoint.java:201)
		at org.apache.tomcat.util.net.AbstractEndpoint.bindWithCleanup(AbstractEndpoint.java:1221)
		at org.apache.tomcat.util.net.AbstractEndpoint.init(AbstractEndpoint.java:1234)
		at org.apache.tomcat.util.net.AbstractJsseEndpoint.init(AbstractJsseEndpoint.java:230)
		at org.apache.coyote.AbstractProtocol.init(AbstractProtocol.java:636)
		at org.apache.coyote.http11.AbstractHttp11Protocol.init(AbstractHttp11Protocol.java:77)
		at org.apache.catalina.connector.Connector.initInternal(Connector.java:1111)
		... 13 more
17-Jan-2023 17:40:46.885 정보 [main] org.apache.catalina.startup.Catalina.load Initialization processed in 398 ms
17-Jan-2023 17:40:46.939 심각 [main] org.apache.tomcat.util.digester.Digester.fatalError Parse Fatal Error at line 40 column 36: 요소 유형 "user"과(와) 연관된 "password" 속성의 값에는 '<' 문자가 포함되지 않아야 합니다.
	org.xml.sax.SAXParseException; lineNumber: 40; columnNumber: 36; 요소 유형 "user"과(와) 연관된 "password" 속성의 값에는 '<' 문자가 포함되지 않아야 합니다.
		at java.xml/com.sun.org.apache.xerces.internal.util.ErrorHandlerWrapper.createSAXParseException(ErrorHandlerWrapper.java:204)
		at java.xml/com.sun.org.apache.xerces.internal.util.ErrorHandlerWrapper.fatalError(ErrorHandlerWrapper.java:178)
		at java.xml/com.sun.org.apache.xerces.internal.impl.XMLErrorReporter.reportError(XMLErrorReporter.java:400)
		at java.xml/com.sun.org.apache.xerces.internal.impl.XMLErrorReporter.reportError(XMLErrorReporter.java:327)
		at java.xml/com.sun.org.apache.xerces.internal.impl.XMLScanner.reportFatalError(XMLScanner.java:1465)
		at java.xml/com.sun.org.apache.xerces.internal.impl.XMLScanner.scanAttributeValue(XMLScanner.java:943)
		at java.xml/com.sun.org.apache.xerces.internal.impl.XMLDocumentFragmentScannerImpl.scanAttribute(XMLDocumentFragmentScannerImpl.java:1512)
		at java.xml/com.sun.org.apache.xerces.internal.impl.XMLDocumentFragmentScannerImpl.scanStartElement(XMLDocumentFragmentScannerImpl.java:1353)
		at java.xml/com.sun.org.apache.xerces.internal.impl.XMLDocumentFragmentScannerImpl$FragmentContentDriver.next(XMLDocumentFragmentScannerImpl.java:2710)
		at java.xml/com.sun.org.apache.xerces.internal.impl.XMLDocumentScannerImpl.next(XMLDocumentScannerImpl.java:605)
		at java.xml/com.sun.org.apache.xerces.internal.impl.XMLDocumentFragmentScannerImpl.scanDocument(XMLDocumentFragmentScannerImpl.java:534)
		at java.xml/com.sun.org.apache.xerces.internal.parsers.XML11Configuration.parse(XML11Configuration.java:888)
		at java.xml/com.sun.org.apache.xerces.internal.parsers.XML11Configuration.parse(XML11Configuration.java:824)
		at java.xml/com.sun.org.apache.xerces.internal.parsers.XMLParser.parse(XMLParser.java:141)
		at java.xml/com.sun.org.apache.xerces.internal.parsers.AbstractSAXParser.parse(AbstractSAXParser.java:1216)
		at java.xml/com.sun.org.apache.xerces.internal.jaxp.SAXParserImpl$JAXPSAXParser.parse(SAXParserImpl.java:635)
		at org.apache.tomcat.util.digester.Digester.parse(Digester.java:1513)
		at org.apache.catalina.users.MemoryUserDatabase.open(MemoryUserDatabase.java:457)
		at org.apache.catalina.users.MemoryUserDatabaseFactory.getObjectInstance(MemoryUserDatabaseFactory.java:105)
		at org.apache.naming.factory.FactoryBase.getObjectInstance(FactoryBase.java:96)
		at java.naming/javax.naming.spi.NamingManager.getObjectInstance(NamingManager.java:341)
		at org.apache.naming.NamingContext.lookup(NamingContext.java:846)
		at org.apache.naming.NamingContext.lookup(NamingContext.java:157)
		at org.apache.naming.NamingContextBindingsEnumeration.nextElementInternal(NamingContextBindingsEnumeration.java:115)
		at org.apache.naming.NamingContextBindingsEnumeration.next(NamingContextBindingsEnumeration.java:69)
		at org.apache.naming.NamingContextBindingsEnumeration.next(NamingContextBindingsEnumeration.java:32)
		at org.apache.catalina.mbeans.GlobalResourcesLifecycleListener.createMBeans(GlobalResourcesLifecycleListener.java:138)
		at org.apache.catalina.mbeans.GlobalResourcesLifecycleListener.createMBeans(GlobalResourcesLifecycleListener.java:112)
		at org.apache.catalina.mbeans.GlobalResourcesLifecycleListener.lifecycleEvent(GlobalResourcesLifecycleListener.java:87)
		at org.apache.catalina.util.LifecycleBase.fireLifecycleEvent(LifecycleBase.java:123)
		at org.apache.catalina.util.LifecycleBase.setStateInternal(LifecycleBase.java:423)
		at org.apache.catalina.util.LifecycleBase.setState(LifecycleBase.java:366)
		at org.apache.catalina.core.StandardServer.startInternal(StandardServer.java:787)
		at org.apache.catalina.util.LifecycleBase.start(LifecycleBase.java:183)
		at org.apache.catalina.startup.Catalina.start(Catalina.java:695)
		at java.base/jdk.internal.reflect.NativeMethodAccessorImpl.invoke0(Native Method)
		at java.base/jdk.internal.reflect.NativeMethodAccessorImpl.invoke(NativeMethodAccessorImpl.java:62)
		at java.base/jdk.internal.reflect.DelegatingMethodAccessorImpl.invoke(DelegatingMethodAccessorImpl.java:43)
		at java.base/java.lang.reflect.Method.invoke(Method.java:566)
		at org.apache.catalina.startup.Bootstrap.start(Bootstrap.java:345)
		at org.apache.catalina.startup.Bootstrap.main(Bootstrap.java:476)
17-Jan-2023 17:40:46.942 경고 [main] org.apache.naming.NamingContext.lookup 참조를 결정하는 중 예기치 않은 예외 발생
	org.xml.sax.SAXParseException; lineNumber: 40; columnNumber: 36; 요소 유형 "user"과(와) 연관된 "password" 속성의 값에는 '<' 문자가 포함되지 않아야 합니다.
		at java.xml/com.sun.org.apache.xerces.internal.parsers.AbstractSAXParser.parse(AbstractSAXParser.java:1243)
		at java.xml/com.sun.org.apache.xerces.internal.jaxp.SAXParserImpl$JAXPSAXParser.parse(SAXParserImpl.java:635)
		at org.apache.tomcat.util.digester.Digester.parse(Digester.java:1513)
		at org.apache.catalina.users.MemoryUserDatabase.open(MemoryUserDatabase.java:457)
		at org.apache.catalina.users.MemoryUserDatabaseFactory.getObjectInstance(MemoryUserDatabaseFactory.java:105)
		at org.apache.naming.factory.FactoryBase.getObjectInstance(FactoryBase.java:96)
		at java.naming/javax.naming.spi.NamingManager.getObjectInstance(NamingManager.java:341)
		at org.apache.naming.NamingContext.lookup(NamingContext.java:846)
		at org.apache.naming.NamingContext.lookup(NamingContext.java:157)
		at org.apache.naming.NamingContextBindingsEnumeration.nextElementInternal(NamingContextBindingsEnumeration.java:115)
		at org.apache.naming.NamingContextBindingsEnumeration.next(NamingContextBindingsEnumeration.java:69)
		at org.apache.naming.NamingContextBindingsEnumeration.next(NamingContextBindingsEnumeration.java:32)
		at org.apache.catalina.mbeans.GlobalResourcesLifecycleListener.createMBeans(GlobalResourcesLifecycleListener.java:138)
		at org.apache.catalina.mbeans.GlobalResourcesLifecycleListener.createMBeans(GlobalResourcesLifecycleListener.java:112)
		at org.apache.catalina.mbeans.GlobalResourcesLifecycleListener.lifecycleEvent(GlobalResourcesLifecycleListener.java:87)
		at org.apache.catalina.util.LifecycleBase.fireLifecycleEvent(LifecycleBase.java:123)
		at org.apache.catalina.util.LifecycleBase.setStateInternal(LifecycleBase.java:423)
		at org.apache.catalina.util.LifecycleBase.setState(LifecycleBase.java:366)
		at org.apache.catalina.core.StandardServer.startInternal(StandardServer.java:787)
		at org.apache.catalina.util.LifecycleBase.start(LifecycleBase.java:183)
		at org.apache.catalina.startup.Catalina.start(Catalina.java:695)
		at java.base/jdk.internal.reflect.NativeMethodAccessorImpl.invoke0(Native Method)
		at java.base/jdk.internal.reflect.NativeMethodAccessorImpl.invoke(NativeMethodAccessorImpl.java:62)
		at java.base/jdk.internal.reflect.DelegatingMethodAccessorImpl.invoke(DelegatingMethodAccessorImpl.java:43)
		at java.base/java.lang.reflect.Method.invoke(Method.java:566)
		at org.apache.catalina.startup.Bootstrap.start(Bootstrap.java:345)
		at org.apache.catalina.startup.Bootstrap.main(Bootstrap.java:476)
17-Jan-2023 17:40:46.944 심각 [main] org.apache.catalina.mbeans.GlobalResourcesLifecycleListener.createMBeans Exception processing Global JNDI Resources
	javax.naming.NamingException: 참조를 결정하는 중 예기치 않은 예외 발생 [Root exception is org.xml.sax.SAXParseException; lineNumber: 40; columnNumber: 36; 요소 유형 "user"과(와) 연관된 "password" 속성의 값에는 '<' 문자가 포함되지 않아야 합니다.]
		at org.apache.naming.NamingContext.lookup(NamingContext.java:865)
		at org.apache.naming.NamingContext.lookup(NamingContext.java:157)
		at org.apache.naming.NamingContextBindingsEnumeration.nextElementInternal(NamingContextBindingsEnumeration.java:115)
		at org.apache.naming.NamingContextBindingsEnumeration.next(NamingContextBindingsEnumeration.java:69)
		at org.apache.naming.NamingContextBindingsEnumeration.next(NamingContextBindingsEnumeration.java:32)
		at org.apache.catalina.mbeans.GlobalResourcesLifecycleListener.createMBeans(GlobalResourcesLifecycleListener.java:138)
		at org.apache.catalina.mbeans.GlobalResourcesLifecycleListener.createMBeans(GlobalResourcesLifecycleListener.java:112)
		at org.apache.catalina.mbeans.GlobalResourcesLifecycleListener.lifecycleEvent(GlobalResourcesLifecycleListener.java:87)
		at org.apache.catalina.util.LifecycleBase.fireLifecycleEvent(LifecycleBase.java:123)
		at org.apache.catalina.util.LifecycleBase.setStateInternal(LifecycleBase.java:423)
		at org.apache.catalina.util.LifecycleBase.setState(LifecycleBase.java:366)
		at org.apache.catalina.core.StandardServer.startInternal(StandardServer.java:787)
		at org.apache.catalina.util.LifecycleBase.start(LifecycleBase.java:183)
		at org.apache.catalina.startup.Catalina.start(Catalina.java:695)
		at java.base/jdk.internal.reflect.NativeMethodAccessorImpl.invoke0(Native Method)
		at java.base/jdk.internal.reflect.NativeMethodAccessorImpl.invoke(NativeMethodAccessorImpl.java:62)
		at java.base/jdk.internal.reflect.DelegatingMethodAccessorImpl.invoke(DelegatingMethodAccessorImpl.java:43)
		at java.base/java.lang.reflect.Method.invoke(Method.java:566)
		at org.apache.catalina.startup.Bootstrap.start(Bootstrap.java:345)
		at org.apache.catalina.startup.Bootstrap.main(Bootstrap.java:476)
	Caused by: org.xml.sax.SAXParseException; lineNumber: 40; columnNumber: 36; 요소 유형 "user"과(와) 연관된 "password" 속성의 값에는 '<' 문자가 포함되지 않아야 합니다.
		at java.xml/com.sun.org.apache.xerces.internal.parsers.AbstractSAXParser.parse(AbstractSAXParser.java:1243)
		at java.xml/com.sun.org.apache.xerces.internal.jaxp.SAXParserImpl$JAXPSAXParser.parse(SAXParserImpl.java:635)
		at org.apache.tomcat.util.digester.Digester.parse(Digester.java:1513)
		at org.apache.catalina.users.MemoryUserDatabase.open(MemoryUserDatabase.java:457)
		at org.apache.catalina.users.MemoryUserDatabaseFactory.getObjectInstance(MemoryUserDatabaseFactory.java:105)
		at org.apache.naming.factory.FactoryBase.getObjectInstance(FactoryBase.java:96)
		at java.naming/javax.naming.spi.NamingManager.getObjectInstance(NamingManager.java:341)
		at org.apache.naming.NamingContext.lookup(NamingContext.java:846)
		... 19 more
17-Jan-2023 17:40:46.950 정보 [main] org.apache.catalina.core.StandardService.startInternal 서비스 [Catalina]을(를) 시작합니다.
17-Jan-2023 17:40:46.951 정보 [main] org.apache.catalina.core.StandardEngine.startInternal 서버 엔진을 시작합니다: [Apache Tomcat/8.5.84]
17-Jan-2023 17:40:46.954 심각 [main] org.apache.tomcat.util.digester.Digester.fatalError Parse Fatal Error at line 40 column 36: 요소 유형 "user"과(와) 연관된 "password" 속성의 값에는 '<' 문자가 포함되지 않아야 합니다.
	org.xml.sax.SAXParseException; lineNumber: 40; columnNumber: 36; 요소 유형 "user"과(와) 연관된 "password" 속성의 값에는 '<' 문자가 포함되지 않아야 합니다.
		at java.xml/com.sun.org.apache.xerces.internal.util.ErrorHandlerWrapper.createSAXParseException(ErrorHandlerWrapper.java:204)
		at java.xml/com.sun.org.apache.xerces.internal.util.ErrorHandlerWrapper.fatalError(ErrorHandlerWrapper.java:178)
		at java.xml/com.sun.org.apache.xerces.internal.impl.XMLErrorReporter.reportError(XMLErrorReporter.java:400)
		at java.xml/com.sun.org.apache.xerces.internal.impl.XMLErrorReporter.reportError(XMLErrorReporter.java:327)
		at java.xml/com.sun.org.apache.xerces.internal.impl.XMLScanner.reportFatalError(XMLScanner.java:1465)
		at java.xml/com.sun.org.apache.xerces.internal.impl.XMLScanner.scanAttributeValue(XMLScanner.java:943)
		at java.xml/com.sun.org.apache.xerces.internal.impl.XMLDocumentFragmentScannerImpl.scanAttribute(XMLDocumentFragmentScannerImpl.java:1512)
		at java.xml/com.sun.org.apache.xerces.internal.impl.XMLDocumentFragmentScannerImpl.scanStartElement(XMLDocumentFragmentScannerImpl.java:1353)
		at java.xml/com.sun.org.apache.xerces.internal.impl.XMLDocumentFragmentScannerImpl$FragmentContentDriver.next(XMLDocumentFragmentScannerImpl.java:2710)
		at java.xml/com.sun.org.apache.xerces.internal.impl.XMLDocumentScannerImpl.next(XMLDocumentScannerImpl.java:605)
		at java.xml/com.sun.org.apache.xerces.internal.impl.XMLDocumentFragmentScannerImpl.scanDocument(XMLDocumentFragmentScannerImpl.java:534)
		at java.xml/com.sun.org.apache.xerces.internal.parsers.XML11Configuration.parse(XML11Configuration.java:888)
		at java.xml/com.sun.org.apache.xerces.internal.parsers.XML11Configuration.parse(XML11Configuration.java:824)
		at java.xml/com.sun.org.apache.xerces.internal.parsers.XMLParser.parse(XMLParser.java:141)
		at java.xml/com.sun.org.apache.xerces.internal.parsers.AbstractSAXParser.parse(AbstractSAXParser.java:1216)
		at java.xml/com.sun.org.apache.xerces.internal.jaxp.SAXParserImpl$JAXPSAXParser.parse(SAXParserImpl.java:635)
		at org.apache.tomcat.util.digester.Digester.parse(Digester.java:1513)
		at org.apache.catalina.users.MemoryUserDatabase.open(MemoryUserDatabase.java:457)
		at org.apache.catalina.users.MemoryUserDatabaseFactory.getObjectInstance(MemoryUserDatabaseFactory.java:105)
		at org.apache.naming.factory.FactoryBase.getObjectInstance(FactoryBase.java:96)
		at java.naming/javax.naming.spi.NamingManager.getObjectInstance(NamingManager.java:341)
		at org.apache.naming.NamingContext.lookup(NamingContext.java:846)
		at org.apache.naming.NamingContext.lookup(NamingContext.java:171)
		at org.apache.catalina.realm.UserDatabaseRealm.getUserDatabase(UserDatabaseRealm.java:198)
		at org.apache.catalina.realm.UserDatabaseRealm.startInternal(UserDatabaseRealm.java:221)
		at org.apache.catalina.util.LifecycleBase.start(LifecycleBase.java:183)
		at org.apache.catalina.realm.CombinedRealm.startInternal(CombinedRealm.java:254)
		at org.apache.catalina.realm.LockOutRealm.startInternal(LockOutRealm.java:120)
		at org.apache.catalina.util.LifecycleBase.start(LifecycleBase.java:183)
		at org.apache.catalina.core.ContainerBase.startInternal(ContainerBase.java:925)
		at org.apache.catalina.core.StandardEngine.startInternal(StandardEngine.java:263)
		at org.apache.catalina.util.LifecycleBase.start(LifecycleBase.java:183)
		at org.apache.catalina.core.StandardService.startInternal(StandardService.java:432)
		at org.apache.catalina.util.LifecycleBase.start(LifecycleBase.java:183)
		at org.apache.catalina.core.StandardServer.startInternal(StandardServer.java:794)
		at org.apache.catalina.util.LifecycleBase.start(LifecycleBase.java:183)
		at org.apache.catalina.startup.Catalina.start(Catalina.java:695)
		at java.base/jdk.internal.reflect.NativeMethodAccessorImpl.invoke0(Native Method)
		at java.base/jdk.internal.reflect.NativeMethodAccessorImpl.invoke(NativeMethodAccessorImpl.java:62)
		at java.base/jdk.internal.reflect.DelegatingMethodAccessorImpl.invoke(DelegatingMethodAccessorImpl.java:43)
		at java.base/java.lang.reflect.Method.invoke(Method.java:566)
		at org.apache.catalina.startup.Bootstrap.start(Bootstrap.java:345)
		at org.apache.catalina.startup.Bootstrap.main(Bootstrap.java:476)
17-Jan-2023 17:40:46.956 경고 [main] org.apache.naming.NamingContext.lookup 참조를 결정하는 중 예기치 않은 예외 발생
	org.xml.sax.SAXParseException; lineNumber: 40; columnNumber: 36; 요소 유형 "user"과(와) 연관된 "password" 속성의 값에는 '<' 문자가 포함되지 않아야 합니다.
		at java.xml/com.sun.org.apache.xerces.internal.parsers.AbstractSAXParser.parse(AbstractSAXParser.java:1243)
		at java.xml/com.sun.org.apache.xerces.internal.jaxp.SAXParserImpl$JAXPSAXParser.parse(SAXParserImpl.java:635)
		at org.apache.tomcat.util.digester.Digester.parse(Digester.java:1513)
		at org.apache.catalina.users.MemoryUserDatabase.open(MemoryUserDatabase.java:457)
		at org.apache.catalina.users.MemoryUserDatabaseFactory.getObjectInstance(MemoryUserDatabaseFactory.java:105)
		at org.apache.naming.factory.FactoryBase.getObjectInstance(FactoryBase.java:96)
		at java.naming/javax.naming.spi.NamingManager.getObjectInstance(NamingManager.java:341)
		at org.apache.naming.NamingContext.lookup(NamingContext.java:846)
		at org.apache.naming.NamingContext.lookup(NamingContext.java:171)
		at org.apache.catalina.realm.UserDatabaseRealm.getUserDatabase(UserDatabaseRealm.java:198)
		at org.apache.catalina.realm.UserDatabaseRealm.startInternal(UserDatabaseRealm.java:221)
		at org.apache.catalina.util.LifecycleBase.start(LifecycleBase.java:183)
		at org.apache.catalina.realm.CombinedRealm.startInternal(CombinedRealm.java:254)
		at org.apache.catalina.realm.LockOutRealm.startInternal(LockOutRealm.java:120)
		at org.apache.catalina.util.LifecycleBase.start(LifecycleBase.java:183)
		at org.apache.catalina.core.ContainerBase.startInternal(ContainerBase.java:925)
		at org.apache.catalina.core.StandardEngine.startInternal(StandardEngine.java:263)
		at org.apache.catalina.util.LifecycleBase.start(LifecycleBase.java:183)
		at org.apache.catalina.core.StandardService.startInternal(StandardService.java:432)
		at org.apache.catalina.util.LifecycleBase.start(LifecycleBase.java:183)
		at org.apache.catalina.core.StandardServer.startInternal(StandardServer.java:794)
		at org.apache.catalina.util.LifecycleBase.start(LifecycleBase.java:183)
		at org.apache.catalina.startup.Catalina.start(Catalina.java:695)
		at java.base/jdk.internal.reflect.NativeMethodAccessorImpl.invoke0(Native Method)
		at java.base/jdk.internal.reflect.NativeMethodAccessorImpl.invoke(NativeMethodAccessorImpl.java:62)
		at java.base/jdk.internal.reflect.DelegatingMethodAccessorImpl.invoke(DelegatingMethodAccessorImpl.java:43)
		at java.base/java.lang.reflect.Method.invoke(Method.java:566)
		at org.apache.catalina.startup.Bootstrap.start(Bootstrap.java:345)
		at org.apache.catalina.startup.Bootstrap.main(Bootstrap.java:476)
17-Jan-2023 17:40:46.958 심각 [main] org.apache.catalina.realm.UserDatabaseRealm.getUserDatabase 키 [UserDatabase]을(를) 사용하여 사용자 데이터베이스를 찾는 중 예외 발생
	javax.naming.NamingException: 참조를 결정하는 중 예기치 않은 예외 발생 [Root exception is org.xml.sax.SAXParseException; lineNumber: 40; columnNumber: 36; 요소 유형 "user"과(와) 연관된 "password" 속성의 값에는 '<' 문자가 포함되지 않아야 합니다.]
		at org.apache.naming.NamingContext.lookup(NamingContext.java:865)
		at org.apache.naming.NamingContext.lookup(NamingContext.java:171)
		at org.apache.catalina.realm.UserDatabaseRealm.getUserDatabase(UserDatabaseRealm.java:198)
		at org.apache.catalina.realm.UserDatabaseRealm.startInternal(UserDatabaseRealm.java:221)
		at org.apache.catalina.util.LifecycleBase.start(LifecycleBase.java:183)
		at org.apache.catalina.realm.CombinedRealm.startInternal(CombinedRealm.java:254)
		at org.apache.catalina.realm.LockOutRealm.startInternal(LockOutRealm.java:120)
		at org.apache.catalina.util.LifecycleBase.start(LifecycleBase.java:183)
		at org.apache.catalina.core.ContainerBase.startInternal(ContainerBase.java:925)
		at org.apache.catalina.core.StandardEngine.startInternal(StandardEngine.java:263)
		at org.apache.catalina.util.LifecycleBase.start(LifecycleBase.java:183)
		at org.apache.catalina.core.StandardService.startInternal(StandardService.java:432)
		at org.apache.catalina.util.LifecycleBase.start(LifecycleBase.java:183)
		at org.apache.catalina.core.StandardServer.startInternal(StandardServer.java:794)
		at org.apache.catalina.util.LifecycleBase.start(LifecycleBase.java:183)
		at org.apache.catalina.startup.Catalina.start(Catalina.java:695)
		at java.base/jdk.internal.reflect.NativeMethodAccessorImpl.invoke0(Native Method)
		at java.base/jdk.internal.reflect.NativeMethodAccessorImpl.invoke(NativeMethodAccessorImpl.java:62)
		at java.base/jdk.internal.reflect.DelegatingMethodAccessorImpl.invoke(DelegatingMethodAccessorImpl.java:43)
		at java.base/java.lang.reflect.Method.invoke(Method.java:566)
		at org.apache.catalina.startup.Bootstrap.start(Bootstrap.java:345)
		at org.apache.catalina.startup.Bootstrap.main(Bootstrap.java:476)
	Caused by: org.xml.sax.SAXParseException; lineNumber: 40; columnNumber: 36; 요소 유형 "user"과(와) 연관된 "password" 속성의 값에는 '<' 문자가 포함되지 않아야 합니다.
		at java.xml/com.sun.org.apache.xerces.internal.parsers.AbstractSAXParser.parse(AbstractSAXParser.java:1243)
		at java.xml/com.sun.org.apache.xerces.internal.jaxp.SAXParserImpl$JAXPSAXParser.parse(SAXParserImpl.java:635)
		at org.apache.tomcat.util.digester.Digester.parse(Digester.java:1513)
		at org.apache.catalina.users.MemoryUserDatabase.open(MemoryUserDatabase.java:457)
		at org.apache.catalina.users.MemoryUserDatabaseFactory.getObjectInstance(MemoryUserDatabaseFactory.java:105)
		at org.apache.naming.factory.FactoryBase.getObjectInstance(FactoryBase.java:96)
		at java.naming/javax.naming.spi.NamingManager.getObjectInstance(NamingManager.java:341)
		at org.apache.naming.NamingContext.lookup(NamingContext.java:846)
		... 21 more
17-Jan-2023 17:40:46.959 심각 [main] org.apache.catalina.realm.CombinedRealm.startInternal [org.apache.catalina.realm.UserDatabaseRealm] realm을 시작하지 못했습니다.
	org.apache.catalina.LifecycleException: 키 [UserDatabase]을(를) 사용하여 UserDatabase 구성요소를 찾을 수 없습니다.
		at org.apache.catalina.realm.UserDatabaseRealm.startInternal(UserDatabaseRealm.java:223)
		at org.apache.catalina.util.LifecycleBase.start(LifecycleBase.java:183)
		at org.apache.catalina.realm.CombinedRealm.startInternal(CombinedRealm.java:254)
		at org.apache.catalina.realm.LockOutRealm.startInternal(LockOutRealm.java:120)
		at org.apache.catalina.util.LifecycleBase.start(LifecycleBase.java:183)
		at org.apache.catalina.core.ContainerBase.startInternal(ContainerBase.java:925)
		at org.apache.catalina.core.StandardEngine.startInternal(StandardEngine.java:263)
		at org.apache.catalina.util.LifecycleBase.start(LifecycleBase.java:183)
		at org.apache.catalina.core.StandardService.startInternal(StandardService.java:432)
		at org.apache.catalina.util.LifecycleBase.start(LifecycleBase.java:183)
		at org.apache.catalina.core.StandardServer.startInternal(StandardServer.java:794)
		at org.apache.catalina.util.LifecycleBase.start(LifecycleBase.java:183)
		at org.apache.catalina.startup.Catalina.start(Catalina.java:695)
		at java.base/jdk.internal.reflect.NativeMethodAccessorImpl.invoke0(Native Method)
		at java.base/jdk.internal.reflect.NativeMethodAccessorImpl.invoke(NativeMethodAccessorImpl.java:62)
		at java.base/jdk.internal.reflect.DelegatingMethodAccessorImpl.invoke(DelegatingMethodAccessorImpl.java:43)
		at java.base/java.lang.reflect.Method.invoke(Method.java:566)
		at org.apache.catalina.startup.Bootstrap.start(Bootstrap.java:345)
		at org.apache.catalina.startup.Bootstrap.main(Bootstrap.java:476)
17-Jan-2023 17:40:46.978 정보 [localhost-startStop-1] org.apache.catalina.startup.HostConfig.deployDirectory 웹 애플리케이션 디렉토리 [C:\Program Files\CODE\apache-tomcat-8.5.84\webapps\docs]을(를) 배치합니다.
17-Jan-2023 17:40:47.595 경고 [localhost-startStop-1] org.apache.catalina.util.SessionIdGeneratorBase.createSecureRandom [SHA1PRNG] 알고리즘을 사용하여, 세션 ID를 생성하기 위한 SecureRandom 객체를 생성하는데, [424] 밀리초가 소요됐습니다.
17-Jan-2023 17:40:47.613 정보 [localhost-startStop-1] org.apache.catalina.startup.HostConfig.deployDirectory 웹 애플리케이션 디렉토리 [C:\Program Files\CODE\apache-tomcat-8.5.84\webapps\docs]에 대한 배치가 [635] 밀리초에 완료되었습니다.
17-Jan-2023 17:40:47.615 정보 [localhost-startStop-1] org.apache.catalina.startup.HostConfig.deployDirectory 웹 애플리케이션 디렉토리 [C:\Program Files\CODE\apache-tomcat-8.5.84\webapps\examples]을(를) 배치합니다.
17-Jan-2023 17:40:47.924 정보 [localhost-startStop-1] org.apache.catalina.startup.HostConfig.deployDirectory 웹 애플리케이션 디렉토리 [C:\Program Files\CODE\apache-tomcat-8.5.84\webapps\examples]에 대한 배치가 [309] 밀리초에 완료되었습니다.
17-Jan-2023 17:40:47.926 정보 [localhost-startStop-1] org.apache.catalina.startup.HostConfig.deployDirectory 웹 애플리케이션 디렉토리 [C:\Program Files\CODE\apache-tomcat-8.5.84\webapps\host-manager]을(를) 배치합니다.
17-Jan-2023 17:40:47.959 정보 [localhost-startStop-1] org.apache.catalina.startup.HostConfig.deployDirectory 웹 애플리케이션 디렉토리 [C:\Program Files\CODE\apache-tomcat-8.5.84\webapps\host-manager]에 대한 배치가 [32] 밀리초에 완료되었습니다.
17-Jan-2023 17:40:47.961 정보 [localhost-startStop-1] org.apache.catalina.startup.HostConfig.deployDirectory 웹 애플리케이션 디렉토리 [C:\Program Files\CODE\apache-tomcat-8.5.84\webapps\manager]을(를) 배치합니다.
17-Jan-2023 17:40:47.992 정보 [localhost-startStop-1] org.apache.catalina.startup.HostConfig.deployDirectory 웹 애플리케이션 디렉토리 [C:\Program Files\CODE\apache-tomcat-8.5.84\webapps\manager]에 대한 배치가 [31] 밀리초에 완료되었습니다.
17-Jan-2023 17:40:47.995 정보 [localhost-startStop-1] org.apache.catalina.startup.HostConfig.deployDirectory 웹 애플리케이션 디렉토리 [C:\Program Files\CODE\apache-tomcat-8.5.84\webapps\ROOT]을(를) 배치합니다.
17-Jan-2023 17:40:48.019 정보 [localhost-startStop-1] org.apache.catalina.startup.HostConfig.deployDirectory 웹 애플리케이션 디렉토리 [C:\Program Files\CODE\apache-tomcat-8.5.84\webapps\ROOT]에 대한 배치가 [25] 밀리초에 완료되었습니다.
17-Jan-2023 17:40:48.024 정보 [main] org.apache.catalina.startup.Catalina.start Server startup in 1138 ms
17-Jan-2023 17:42:18.641 심각 [main] org.apache.catalina.startup.Catalina.stopServer [localhost:8005] (base 포트 [8005] 그리고 offset [0])와(과) 연결할 수 없었습니다. Tomcat이 실행 중이지 않을 수 있습니다.
17-Jan-2023 17:46:01.829 정보 [main] org.apache.catalina.startup.VersionLoggerListener.log 서버 버전 이름:    Apache Tomcat/8.5.84
17-Jan-2023 17:46:01.834 정보 [main] org.apache.catalina.startup.VersionLoggerListener.log Server 빌드 시각:  Nov 16 2022 13:34:24 UTC
17-Jan-2023 17:46:01.834 정보 [main] org.apache.catalina.startup.VersionLoggerListener.log Server 버전 번호:  8.5.84.0
17-Jan-2023 17:46:01.835 정보 [main] org.apache.catalina.startup.VersionLoggerListener.log 운영체제 이름:     Windows 10
17-Jan-2023 17:46:01.835 정보 [main] org.apache.catalina.startup.VersionLoggerListener.log 운영체제 버전:     10.0
17-Jan-2023 17:46:01.835 정보 [main] org.apache.catalina.startup.VersionLoggerListener.log 아키텍처:          amd64
17-Jan-2023 17:46:01.835 정보 [main] org.apache.catalina.startup.VersionLoggerListener.log 자바 홈:           C:\Program Files\java-11
17-Jan-2023 17:46:01.835 정보 [main] org.apache.catalina.startup.VersionLoggerListener.log JVM 버전:          11.0.15+9-LTS
17-Jan-2023 17:46:01.836 정보 [main] org.apache.catalina.startup.VersionLoggerListener.log JVM 벤더:          ojdkbuild
17-Jan-2023 17:46:01.836 정보 [main] org.apache.catalina.startup.VersionLoggerListener.log CATALINA_BASE:     C:\Program Files\CODE\apache-tomcat-8.5.84
17-Jan-2023 17:46:01.836 정보 [main] org.apache.catalina.startup.VersionLoggerListener.log CATALINA_HOME:     C:\Program Files\CODE\apache-tomcat-8.5.84
17-Jan-2023 17:46:01.838 정보 [main] org.apache.catalina.startup.VersionLoggerListener.log 명령 행 아규먼트:  --add-opens=java.base/java.lang=ALL-UNNAMED
17-Jan-2023 17:46:01.838 정보 [main] org.apache.catalina.startup.VersionLoggerListener.log 명령 행 아규먼트:  --add-opens=java.base/java.io=ALL-UNNAMED
17-Jan-2023 17:46:01.839 정보 [main] org.apache.catalina.startup.VersionLoggerListener.log 명령 행 아규먼트:  --add-opens=java.base/java.util=ALL-UNNAMED
17-Jan-2023 17:46:01.840 정보 [main] org.apache.catalina.startup.VersionLoggerListener.log 명령 행 아규먼트:  --add-opens=java.base/java.util.concurrent=ALL-UNNAMED
17-Jan-2023 17:46:01.841 정보 [main] org.apache.catalina.startup.VersionLoggerListener.log 명령 행 아규먼트:  --add-opens=java.rmi/sun.rmi.transport=ALL-UNNAMED
17-Jan-2023 17:46:01.841 정보 [main] org.apache.catalina.startup.VersionLoggerListener.log 명령 행 아규먼트:  -Djava.util.logging.config.file=C:\Program Files\CODE\apache-tomcat-8.5.84\conf\logging.properties
17-Jan-2023 17:46:01.842 정보 [main] org.apache.catalina.startup.VersionLoggerListener.log 명령 행 아규먼트:  -Djava.util.logging.manager=org.apache.juli.ClassLoaderLogManager
17-Jan-2023 17:46:01.843 정보 [main] org.apache.catalina.startup.VersionLoggerListener.log 명령 행 아규먼트:  -Djdk.tls.ephemeralDHKeySize=2048
17-Jan-2023 17:46:01.843 정보 [main] org.apache.catalina.startup.VersionLoggerListener.log 명령 행 아규먼트:  -Djava.protocol.handler.pkgs=org.apache.catalina.webresources
17-Jan-2023 17:46:01.844 정보 [main] org.apache.catalina.startup.VersionLoggerListener.log 명령 행 아규먼트:  -Dignore.endorsed.dirs=
17-Jan-2023 17:46:01.845 정보 [main] org.apache.catalina.startup.VersionLoggerListener.log 명령 행 아규먼트:  -Dcatalina.base=C:\Program Files\CODE\apache-tomcat-8.5.84
17-Jan-2023 17:46:01.846 정보 [main] org.apache.catalina.startup.VersionLoggerListener.log 명령 행 아규먼트:  -Dcatalina.home=C:\Program Files\CODE\apache-tomcat-8.5.84
17-Jan-2023 17:46:01.847 정보 [main] org.apache.catalina.startup.VersionLoggerListener.log 명령 행 아규먼트:  -Djava.io.tmpdir=C:\Program Files\CODE\apache-tomcat-8.5.84\temp
17-Jan-2023 17:46:01.850 정보 [main] org.apache.catalina.core.AprLifecycleListener.lifecycleEvent APR 버전 [1.7.0]을(를) 사용한, APR 기반 Apache Tomcat Native 라이브러리 [1.2.35]을(를) 로드했습니다.
17-Jan-2023 17:46:01.851 정보 [main] org.apache.catalina.core.AprLifecycleListener.lifecycleEvent APR 용량정보들: IPv6 [true], sendfile [true], accept filters [false], random [true], UDS [{4}].
17-Jan-2023 17:46:01.852 정보 [main] org.apache.catalina.core.AprLifecycleListener.lifecycleEvent APR/OpenSSL 설정: useAprConnector [false], useOpenSSL [true]
17-Jan-2023 17:46:01.862 정보 [main] org.apache.catalina.core.AprLifecycleListener.initializeSSL OpenSSL이 성공적으로 초기화되었습니다: [OpenSSL 1.1.1q  5 Jul 2022]
17-Jan-2023 17:46:01.901 정보 [main] org.apache.coyote.AbstractProtocol.init 프로토콜 핸들러 ["http-nio-8081"]을(를) 초기화합니다.
17-Jan-2023 17:46:01.925 정보 [main] org.apache.catalina.startup.Catalina.load Initialization processed in 424 ms
17-Jan-2023 17:46:01.984 심각 [main] org.apache.tomcat.util.digester.Digester.fatalError Parse Fatal Error at line 40 column 36: 요소 유형 "user"과(와) 연관된 "password" 속성의 값에는 '<' 문자가 포함되지 않아야 합니다.
	org.xml.sax.SAXParseException; lineNumber: 40; columnNumber: 36; 요소 유형 "user"과(와) 연관된 "password" 속성의 값에는 '<' 문자가 포함되지 않아야 합니다.
		at java.xml/com.sun.org.apache.xerces.internal.util.ErrorHandlerWrapper.createSAXParseException(ErrorHandlerWrapper.java:204)
		at java.xml/com.sun.org.apache.xerces.internal.util.ErrorHandlerWrapper.fatalError(ErrorHandlerWrapper.java:178)
		at java.xml/com.sun.org.apache.xerces.internal.impl.XMLErrorReporter.reportError(XMLErrorReporter.java:400)
		at java.xml/com.sun.org.apache.xerces.internal.impl.XMLErrorReporter.reportError(XMLErrorReporter.java:327)
		at java.xml/com.sun.org.apache.xerces.internal.impl.XMLScanner.reportFatalError(XMLScanner.java:1465)
		at java.xml/com.sun.org.apache.xerces.internal.impl.XMLScanner.scanAttributeValue(XMLScanner.java:943)
		at java.xml/com.sun.org.apache.xerces.internal.impl.XMLDocumentFragmentScannerImpl.scanAttribute(XMLDocumentFragmentScannerImpl.java:1512)
		at java.xml/com.sun.org.apache.xerces.internal.impl.XMLDocumentFragmentScannerImpl.scanStartElement(XMLDocumentFragmentScannerImpl.java:1353)
		at java.xml/com.sun.org.apache.xerces.internal.impl.XMLDocumentFragmentScannerImpl$FragmentContentDriver.next(XMLDocumentFragmentScannerImpl.java:2710)
		at java.xml/com.sun.org.apache.xerces.internal.impl.XMLDocumentScannerImpl.next(XMLDocumentScannerImpl.java:605)
		at java.xml/com.sun.org.apache.xerces.internal.impl.XMLDocumentFragmentScannerImpl.scanDocument(XMLDocumentFragmentScannerImpl.java:534)
		at java.xml/com.sun.org.apache.xerces.internal.parsers.XML11Configuration.parse(XML11Configuration.java:888)
		at java.xml/com.sun.org.apache.xerces.internal.parsers.XML11Configuration.parse(XML11Configuration.java:824)
		at java.xml/com.sun.org.apache.xerces.internal.parsers.XMLParser.parse(XMLParser.java:141)
		at java.xml/com.sun.org.apache.xerces.internal.parsers.AbstractSAXParser.parse(AbstractSAXParser.java:1216)
		at java.xml/com.sun.org.apache.xerces.internal.jaxp.SAXParserImpl$JAXPSAXParser.parse(SAXParserImpl.java:635)
		at org.apache.tomcat.util.digester.Digester.parse(Digester.java:1513)
		at org.apache.catalina.users.MemoryUserDatabase.open(MemoryUserDatabase.java:457)
		at org.apache.catalina.users.MemoryUserDatabaseFactory.getObjectInstance(MemoryUserDatabaseFactory.java:105)
		at org.apache.naming.factory.FactoryBase.getObjectInstance(FactoryBase.java:96)
		at java.naming/javax.naming.spi.NamingManager.getObjectInstance(NamingManager.java:341)
		at org.apache.naming.NamingContext.lookup(NamingContext.java:846)
		at org.apache.naming.NamingContext.lookup(NamingContext.java:157)
		at org.apache.naming.NamingContextBindingsEnumeration.nextElementInternal(NamingContextBindingsEnumeration.java:115)
		at org.apache.naming.NamingContextBindingsEnumeration.next(NamingContextBindingsEnumeration.java:69)
		at org.apache.naming.NamingContextBindingsEnumeration.next(NamingContextBindingsEnumeration.java:32)
		at org.apache.catalina.mbeans.GlobalResourcesLifecycleListener.createMBeans(GlobalResourcesLifecycleListener.java:138)
		at org.apache.catalina.mbeans.GlobalResourcesLifecycleListener.createMBeans(GlobalResourcesLifecycleListener.java:112)
		at org.apache.catalina.mbeans.GlobalResourcesLifecycleListener.lifecycleEvent(GlobalResourcesLifecycleListener.java:87)
		at org.apache.catalina.util.LifecycleBase.fireLifecycleEvent(LifecycleBase.java:123)
		at org.apache.catalina.util.LifecycleBase.setStateInternal(LifecycleBase.java:423)
		at org.apache.catalina.util.LifecycleBase.setState(LifecycleBase.java:366)
		at org.apache.catalina.core.StandardServer.startInternal(StandardServer.java:787)
		at org.apache.catalina.util.LifecycleBase.start(LifecycleBase.java:183)
		at org.apache.catalina.startup.Catalina.start(Catalina.java:695)
		at java.base/jdk.internal.reflect.NativeMethodAccessorImpl.invoke0(Native Method)
		at java.base/jdk.internal.reflect.NativeMethodAccessorImpl.invoke(NativeMethodAccessorImpl.java:62)
		at java.base/jdk.internal.reflect.DelegatingMethodAccessorImpl.invoke(DelegatingMethodAccessorImpl.java:43)
		at java.base/java.lang.reflect.Method.invoke(Method.java:566)
		at org.apache.catalina.startup.Bootstrap.start(Bootstrap.java:345)
		at org.apache.catalina.startup.Bootstrap.main(Bootstrap.java:476)
17-Jan-2023 17:46:01.988 경고 [main] org.apache.naming.NamingContext.lookup 참조를 결정하는 중 예기치 않은 예외 발생
	org.xml.sax.SAXParseException; lineNumber: 40; columnNumber: 36; 요소 유형 "user"과(와) 연관된 "password" 속성의 값에는 '<' 문자가 포함되지 않아야 합니다.
		at java.xml/com.sun.org.apache.xerces.internal.parsers.AbstractSAXParser.parse(AbstractSAXParser.java:1243)
		at java.xml/com.sun.org.apache.xerces.internal.jaxp.SAXParserImpl$JAXPSAXParser.parse(SAXParserImpl.java:635)
		at org.apache.tomcat.util.digester.Digester.parse(Digester.java:1513)
		at org.apache.catalina.users.MemoryUserDatabase.open(MemoryUserDatabase.java:457)
		at org.apache.catalina.users.MemoryUserDatabaseFactory.getObjectInstance(MemoryUserDatabaseFactory.java:105)
		at org.apache.naming.factory.FactoryBase.getObjectInstance(FactoryBase.java:96)
		at java.naming/javax.naming.spi.NamingManager.getObjectInstance(NamingManager.java:341)
		at org.apache.naming.NamingContext.lookup(NamingContext.java:846)
		at org.apache.naming.NamingContext.lookup(NamingContext.java:157)
		at org.apache.naming.NamingContextBindingsEnumeration.nextElementInternal(NamingContextBindingsEnumeration.java:115)
		at org.apache.naming.NamingContextBindingsEnumeration.next(NamingContextBindingsEnumeration.java:69)
		at org.apache.naming.NamingContextBindingsEnumeration.next(NamingContextBindingsEnumeration.java:32)
		at org.apache.catalina.mbeans.GlobalResourcesLifecycleListener.createMBeans(GlobalResourcesLifecycleListener.java:138)
		at org.apache.catalina.mbeans.GlobalResourcesLifecycleListener.createMBeans(GlobalResourcesLifecycleListener.java:112)
		at org.apache.catalina.mbeans.GlobalResourcesLifecycleListener.lifecycleEvent(GlobalResourcesLifecycleListener.java:87)
		at org.apache.catalina.util.LifecycleBase.fireLifecycleEvent(LifecycleBase.java:123)
		at org.apache.catalina.util.LifecycleBase.setStateInternal(LifecycleBase.java:423)
		at org.apache.catalina.util.LifecycleBase.setState(LifecycleBase.java:366)
		at org.apache.catalina.core.StandardServer.startInternal(StandardServer.java:787)
		at org.apache.catalina.util.LifecycleBase.start(LifecycleBase.java:183)
		at org.apache.catalina.startup.Catalina.start(Catalina.java:695)
		at java.base/jdk.internal.reflect.NativeMethodAccessorImpl.invoke0(Native Method)
		at java.base/jdk.internal.reflect.NativeMethodAccessorImpl.invoke(NativeMethodAccessorImpl.java:62)
		at java.base/jdk.internal.reflect.DelegatingMethodAccessorImpl.invoke(DelegatingMethodAccessorImpl.java:43)
		at java.base/java.lang.reflect.Method.invoke(Method.java:566)
		at org.apache.catalina.startup.Bootstrap.start(Bootstrap.java:345)
		at org.apache.catalina.startup.Bootstrap.main(Bootstrap.java:476)
17-Jan-2023 17:46:01.990 심각 [main] org.apache.catalina.mbeans.GlobalResourcesLifecycleListener.createMBeans Exception processing Global JNDI Resources
	javax.naming.NamingException: 참조를 결정하는 중 예기치 않은 예외 발생 [Root exception is org.xml.sax.SAXParseException; lineNumber: 40; columnNumber: 36; 요소 유형 "user"과(와) 연관된 "password" 속성의 값에는 '<' 문자가 포함되지 않아야 합니다.]
		at org.apache.naming.NamingContext.lookup(NamingContext.java:865)
		at org.apache.naming.NamingContext.lookup(NamingContext.java:157)
		at org.apache.naming.NamingContextBindingsEnumeration.nextElementInternal(NamingContextBindingsEnumeration.java:115)
		at org.apache.naming.NamingContextBindingsEnumeration.next(NamingContextBindingsEnumeration.java:69)
		at org.apache.naming.NamingContextBindingsEnumeration.next(NamingContextBindingsEnumeration.java:32)
		at org.apache.catalina.mbeans.GlobalResourcesLifecycleListener.createMBeans(GlobalResourcesLifecycleListener.java:138)
		at org.apache.catalina.mbeans.GlobalResourcesLifecycleListener.createMBeans(GlobalResourcesLifecycleListener.java:112)
		at org.apache.catalina.mbeans.GlobalResourcesLifecycleListener.lifecycleEvent(GlobalResourcesLifecycleListener.java:87)
		at org.apache.catalina.util.LifecycleBase.fireLifecycleEvent(LifecycleBase.java:123)
		at org.apache.catalina.util.LifecycleBase.setStateInternal(LifecycleBase.java:423)
		at org.apache.catalina.util.LifecycleBase.setState(LifecycleBase.java:366)
		at org.apache.catalina.core.StandardServer.startInternal(StandardServer.java:787)
		at org.apache.catalina.util.LifecycleBase.start(LifecycleBase.java:183)
		at org.apache.catalina.startup.Catalina.start(Catalina.java:695)
		at java.base/jdk.internal.reflect.NativeMethodAccessorImpl.invoke0(Native Method)
		at java.base/jdk.internal.reflect.NativeMethodAccessorImpl.invoke(NativeMethodAccessorImpl.java:62)
		at java.base/jdk.internal.reflect.DelegatingMethodAccessorImpl.invoke(DelegatingMethodAccessorImpl.java:43)
		at java.base/java.lang.reflect.Method.invoke(Method.java:566)
		at org.apache.catalina.startup.Bootstrap.start(Bootstrap.java:345)
		at org.apache.catalina.startup.Bootstrap.main(Bootstrap.java:476)
	Caused by: org.xml.sax.SAXParseException; lineNumber: 40; columnNumber: 36; 요소 유형 "user"과(와) 연관된 "password" 속성의 값에는 '<' 문자가 포함되지 않아야 합니다.
		at java.xml/com.sun.org.apache.xerces.internal.parsers.AbstractSAXParser.parse(AbstractSAXParser.java:1243)
		at java.xml/com.sun.org.apache.xerces.internal.jaxp.SAXParserImpl$JAXPSAXParser.parse(SAXParserImpl.java:635)
		at org.apache.tomcat.util.digester.Digester.parse(Digester.java:1513)
		at org.apache.catalina.users.MemoryUserDatabase.open(MemoryUserDatabase.java:457)
		at org.apache.catalina.users.MemoryUserDatabaseFactory.getObjectInstance(MemoryUserDatabaseFactory.java:105)
		at org.apache.naming.factory.FactoryBase.getObjectInstance(FactoryBase.java:96)
		at java.naming/javax.naming.spi.NamingManager.getObjectInstance(NamingManager.java:341)
		at org.apache.naming.NamingContext.lookup(NamingContext.java:846)
		... 19 more
17-Jan-2023 17:46:01.996 정보 [main] org.apache.catalina.core.StandardService.startInternal 서비스 [Catalina]을(를) 시작합니다.
17-Jan-2023 17:46:01.997 정보 [main] org.apache.catalina.core.StandardEngine.startInternal 서버 엔진을 시작합니다: [Apache Tomcat/8.5.84]
17-Jan-2023 17:46:02.002 심각 [main] org.apache.tomcat.util.digester.Digester.fatalError Parse Fatal Error at line 40 column 36: 요소 유형 "user"과(와) 연관된 "password" 속성의 값에는 '<' 문자가 포함되지 않아야 합니다.
	org.xml.sax.SAXParseException; lineNumber: 40; columnNumber: 36; 요소 유형 "user"과(와) 연관된 "password" 속성의 값에는 '<' 문자가 포함되지 않아야 합니다.
		at java.xml/com.sun.org.apache.xerces.internal.util.ErrorHandlerWrapper.createSAXParseException(ErrorHandlerWrapper.java:204)
		at java.xml/com.sun.org.apache.xerces.internal.util.ErrorHandlerWrapper.fatalError(ErrorHandlerWrapper.java:178)
		at java.xml/com.sun.org.apache.xerces.internal.impl.XMLErrorReporter.reportError(XMLErrorReporter.java:400)
		at java.xml/com.sun.org.apache.xerces.internal.impl.XMLErrorReporter.reportError(XMLErrorReporter.java:327)
		at java.xml/com.sun.org.apache.xerces.internal.impl.XMLScanner.reportFatalError(XMLScanner.java:1465)
		at java.xml/com.sun.org.apache.xerces.internal.impl.XMLScanner.scanAttributeValue(XMLScanner.java:943)
		at java.xml/com.sun.org.apache.xerces.internal.impl.XMLDocumentFragmentScannerImpl.scanAttribute(XMLDocumentFragmentScannerImpl.java:1512)
		at java.xml/com.sun.org.apache.xerces.internal.impl.XMLDocumentFragmentScannerImpl.scanStartElement(XMLDocumentFragmentScannerImpl.java:1353)
		at java.xml/com.sun.org.apache.xerces.internal.impl.XMLDocumentFragmentScannerImpl$FragmentContentDriver.next(XMLDocumentFragmentScannerImpl.java:2710)
		at java.xml/com.sun.org.apache.xerces.internal.impl.XMLDocumentScannerImpl.next(XMLDocumentScannerImpl.java:605)
		at java.xml/com.sun.org.apache.xerces.internal.impl.XMLDocumentFragmentScannerImpl.scanDocument(XMLDocumentFragmentScannerImpl.java:534)
		at java.xml/com.sun.org.apache.xerces.internal.parsers.XML11Configuration.parse(XML11Configuration.java:888)
		at java.xml/com.sun.org.apache.xerces.internal.parsers.XML11Configuration.parse(XML11Configuration.java:824)
		at java.xml/com.sun.org.apache.xerces.internal.parsers.XMLParser.parse(XMLParser.java:141)
		at java.xml/com.sun.org.apache.xerces.internal.parsers.AbstractSAXParser.parse(AbstractSAXParser.java:1216)
		at java.xml/com.sun.org.apache.xerces.internal.jaxp.SAXParserImpl$JAXPSAXParser.parse(SAXParserImpl.java:635)
		at org.apache.tomcat.util.digester.Digester.parse(Digester.java:1513)
		at org.apache.catalina.users.MemoryUserDatabase.open(MemoryUserDatabase.java:457)
		at org.apache.catalina.users.MemoryUserDatabaseFactory.getObjectInstance(MemoryUserDatabaseFactory.java:105)
		at org.apache.naming.factory.FactoryBase.getObjectInstance(FactoryBase.java:96)
		at java.naming/javax.naming.spi.NamingManager.getObjectInstance(NamingManager.java:341)
		at org.apache.naming.NamingContext.lookup(NamingContext.java:846)
		at org.apache.naming.NamingContext.lookup(NamingContext.java:171)
		at org.apache.catalina.realm.UserDatabaseRealm.getUserDatabase(UserDatabaseRealm.java:198)
		at org.apache.catalina.realm.UserDatabaseRealm.startInternal(UserDatabaseRealm.java:221)
		at org.apache.catalina.util.LifecycleBase.start(LifecycleBase.java:183)
		at org.apache.catalina.realm.CombinedRealm.startInternal(CombinedRealm.java:254)
		at org.apache.catalina.realm.LockOutRealm.startInternal(LockOutRealm.java:120)
		at org.apache.catalina.util.LifecycleBase.start(LifecycleBase.java:183)
		at org.apache.catalina.core.ContainerBase.startInternal(ContainerBase.java:925)
		at org.apache.catalina.core.StandardEngine.startInternal(StandardEngine.java:263)
		at org.apache.catalina.util.LifecycleBase.start(LifecycleBase.java:183)
		at org.apache.catalina.core.StandardService.startInternal(StandardService.java:432)
		at org.apache.catalina.util.LifecycleBase.start(LifecycleBase.java:183)
		at org.apache.catalina.core.StandardServer.startInternal(StandardServer.java:794)
		at org.apache.catalina.util.LifecycleBase.start(LifecycleBase.java:183)
		at org.apache.catalina.startup.Catalina.start(Catalina.java:695)
		at java.base/jdk.internal.reflect.NativeMethodAccessorImpl.invoke0(Native Method)
		at java.base/jdk.internal.reflect.NativeMethodAccessorImpl.invoke(NativeMethodAccessorImpl.java:62)
		at java.base/jdk.internal.reflect.DelegatingMethodAccessorImpl.invoke(DelegatingMethodAccessorImpl.java:43)
		at java.base/java.lang.reflect.Method.invoke(Method.java:566)
		at org.apache.catalina.startup.Bootstrap.start(Bootstrap.java:345)
		at org.apache.catalina.startup.Bootstrap.main(Bootstrap.java:476)
17-Jan-2023 17:46:02.005 경고 [main] org.apache.naming.NamingContext.lookup 참조를 결정하는 중 예기치 않은 예외 발생
	org.xml.sax.SAXParseException; lineNumber: 40; columnNumber: 36; 요소 유형 "user"과(와) 연관된 "password" 속성의 값에는 '<' 문자가 포함되지 않아야 합니다.
		at java.xml/com.sun.org.apache.xerces.internal.parsers.AbstractSAXParser.parse(AbstractSAXParser.java:1243)
		at java.xml/com.sun.org.apache.xerces.internal.jaxp.SAXParserImpl$JAXPSAXParser.parse(SAXParserImpl.java:635)
		at org.apache.tomcat.util.digester.Digester.parse(Digester.java:1513)
		at org.apache.catalina.users.MemoryUserDatabase.open(MemoryUserDatabase.java:457)
		at org.apache.catalina.users.MemoryUserDatabaseFactory.getObjectInstance(MemoryUserDatabaseFactory.java:105)
		at org.apache.naming.factory.FactoryBase.getObjectInstance(FactoryBase.java:96)
		at java.naming/javax.naming.spi.NamingManager.getObjectInstance(NamingManager.java:341)
		at org.apache.naming.NamingContext.lookup(NamingContext.java:846)
		at org.apache.naming.NamingContext.lookup(NamingContext.java:171)
		at org.apache.catalina.realm.UserDatabaseRealm.getUserDatabase(UserDatabaseRealm.java:198)
		at org.apache.catalina.realm.UserDatabaseRealm.startInternal(UserDatabaseRealm.java:221)
		at org.apache.catalina.util.LifecycleBase.start(LifecycleBase.java:183)
		at org.apache.catalina.realm.CombinedRealm.startInternal(CombinedRealm.java:254)
		at org.apache.catalina.realm.LockOutRealm.startInternal(LockOutRealm.java:120)
		at org.apache.catalina.util.LifecycleBase.start(LifecycleBase.java:183)
		at org.apache.catalina.core.ContainerBase.startInternal(ContainerBase.java:925)
		at org.apache.catalina.core.StandardEngine.startInternal(StandardEngine.java:263)
		at org.apache.catalina.util.LifecycleBase.start(LifecycleBase.java:183)
		at org.apache.catalina.core.StandardService.startInternal(StandardService.java:432)
		at org.apache.catalina.util.LifecycleBase.start(LifecycleBase.java:183)
		at org.apache.catalina.core.StandardServer.startInternal(StandardServer.java:794)
		at org.apache.catalina.util.LifecycleBase.start(LifecycleBase.java:183)
		at org.apache.catalina.startup.Catalina.start(Catalina.java:695)
		at java.base/jdk.internal.reflect.NativeMethodAccessorImpl.invoke0(Native Method)
		at java.base/jdk.internal.reflect.NativeMethodAccessorImpl.invoke(NativeMethodAccessorImpl.java:62)
		at java.base/jdk.internal.reflect.DelegatingMethodAccessorImpl.invoke(DelegatingMethodAccessorImpl.java:43)
		at java.base/java.lang.reflect.Method.invoke(Method.java:566)
		at org.apache.catalina.startup.Bootstrap.start(Bootstrap.java:345)
		at org.apache.catalina.startup.Bootstrap.main(Bootstrap.java:476)
17-Jan-2023 17:46:02.006 심각 [main] org.apache.catalina.realm.UserDatabaseRealm.getUserDatabase 키 [UserDatabase]을(를) 사용하여 사용자 데이터베이스를 찾는 중 예외 발생
	javax.naming.NamingException: 참조를 결정하는 중 예기치 않은 예외 발생 [Root exception is org.xml.sax.SAXParseException; lineNumber: 40; columnNumber: 36; 요소 유형 "user"과(와) 연관된 "password" 속성의 값에는 '<' 문자가 포함되지 않아야 합니다.]
		at org.apache.naming.NamingContext.lookup(NamingContext.java:865)
		at org.apache.naming.NamingContext.lookup(NamingContext.java:171)
		at org.apache.catalina.realm.UserDatabaseRealm.getUserDatabase(UserDatabaseRealm.java:198)
		at org.apache.catalina.realm.UserDatabaseRealm.startInternal(UserDatabaseRealm.java:221)
		at org.apache.catalina.util.LifecycleBase.start(LifecycleBase.java:183)
		at org.apache.catalina.realm.CombinedRealm.startInternal(CombinedRealm.java:254)
		at org.apache.catalina.realm.LockOutRealm.startInternal(LockOutRealm.java:120)
		at org.apache.catalina.util.LifecycleBase.start(LifecycleBase.java:183)
		at org.apache.catalina.core.ContainerBase.startInternal(ContainerBase.java:925)
		at org.apache.catalina.core.StandardEngine.startInternal(StandardEngine.java:263)
		at org.apache.catalina.util.LifecycleBase.start(LifecycleBase.java:183)
		at org.apache.catalina.core.StandardService.startInternal(StandardService.java:432)
		at org.apache.catalina.util.LifecycleBase.start(LifecycleBase.java:183)
		at org.apache.catalina.core.StandardServer.startInternal(StandardServer.java:794)
		at org.apache.catalina.util.LifecycleBase.start(LifecycleBase.java:183)
		at org.apache.catalina.startup.Catalina.start(Catalina.java:695)
		at java.base/jdk.internal.reflect.NativeMethodAccessorImpl.invoke0(Native Method)
		at java.base/jdk.internal.reflect.NativeMethodAccessorImpl.invoke(NativeMethodAccessorImpl.java:62)
		at java.base/jdk.internal.reflect.DelegatingMethodAccessorImpl.invoke(DelegatingMethodAccessorImpl.java:43)
		at java.base/java.lang.reflect.Method.invoke(Method.java:566)
		at org.apache.catalina.startup.Bootstrap.start(Bootstrap.java:345)
		at org.apache.catalina.startup.Bootstrap.main(Bootstrap.java:476)
	Caused by: org.xml.sax.SAXParseException; lineNumber: 40; columnNumber: 36; 요소 유형 "user"과(와) 연관된 "password" 속성의 값에는 '<' 문자가 포함되지 않아야 합니다.
		at java.xml/com.sun.org.apache.xerces.internal.parsers.AbstractSAXParser.parse(AbstractSAXParser.java:1243)
		at java.xml/com.sun.org.apache.xerces.internal.jaxp.SAXParserImpl$JAXPSAXParser.parse(SAXParserImpl.java:635)
		at org.apache.tomcat.util.digester.Digester.parse(Digester.java:1513)
		at org.apache.catalina.users.MemoryUserDatabase.open(MemoryUserDatabase.java:457)
		at org.apache.catalina.users.MemoryUserDatabaseFactory.getObjectInstance(MemoryUserDatabaseFactory.java:105)
		at org.apache.naming.factory.FactoryBase.getObjectInstance(FactoryBase.java:96)
		at java.naming/javax.naming.spi.NamingManager.getObjectInstance(NamingManager.java:341)
		at org.apache.naming.NamingContext.lookup(NamingContext.java:846)
		... 21 more
17-Jan-2023 17:46:02.008 심각 [main] org.apache.catalina.realm.CombinedRealm.startInternal [org.apache.catalina.realm.UserDatabaseRealm] realm을 시작하지 못했습니다.
	org.apache.catalina.LifecycleException: 키 [UserDatabase]을(를) 사용하여 UserDatabase 구성요소를 찾을 수 없습니다.
		at org.apache.catalina.realm.UserDatabaseRealm.startInternal(UserDatabaseRealm.java:223)
		at org.apache.catalina.util.LifecycleBase.start(LifecycleBase.java:183)
		at org.apache.catalina.realm.CombinedRealm.startInternal(CombinedRealm.java:254)
		at org.apache.catalina.realm.LockOutRealm.startInternal(LockOutRealm.java:120)
		at org.apache.catalina.util.LifecycleBase.start(LifecycleBase.java:183)
		at org.apache.catalina.core.ContainerBase.startInternal(ContainerBase.java:925)
		at org.apache.catalina.core.StandardEngine.startInternal(StandardEngine.java:263)
		at org.apache.catalina.util.LifecycleBase.start(LifecycleBase.java:183)
		at org.apache.catalina.core.StandardService.startInternal(StandardService.java:432)
		at org.apache.catalina.util.LifecycleBase.start(LifecycleBase.java:183)
		at org.apache.catalina.core.StandardServer.startInternal(StandardServer.java:794)
		at org.apache.catalina.util.LifecycleBase.start(LifecycleBase.java:183)
		at org.apache.catalina.startup.Catalina.start(Catalina.java:695)
		at java.base/jdk.internal.reflect.NativeMethodAccessorImpl.invoke0(Native Method)
		at java.base/jdk.internal.reflect.NativeMethodAccessorImpl.invoke(NativeMethodAccessorImpl.java:62)
		at java.base/jdk.internal.reflect.DelegatingMethodAccessorImpl.invoke(DelegatingMethodAccessorImpl.java:43)
		at java.base/java.lang.reflect.Method.invoke(Method.java:566)
		at org.apache.catalina.startup.Bootstrap.start(Bootstrap.java:345)
		at org.apache.catalina.startup.Bootstrap.main(Bootstrap.java:476)
17-Jan-2023 17:46:02.020 정보 [localhost-startStop-1] org.apache.catalina.startup.HostConfig.deployDirectory 웹 애플리케이션 디렉토리 [C:\Program Files\CODE\apache-tomcat-8.5.84\webapps\docs]을(를) 배치합니다.
17-Jan-2023 17:46:02.733 경고 [localhost-startStop-1] org.apache.catalina.util.SessionIdGeneratorBase.createSecureRandom [SHA1PRNG] 알고리즘을 사용하여, 세션 ID를 생성하기 위한 SecureRandom 객체를 생성하는데, [468] 밀리초가 소요됐습니다.
17-Jan-2023 17:46:02.752 정보 [localhost-startStop-1] org.apache.catalina.startup.HostConfig.deployDirectory 웹 애플리케이션 디렉토리 [C:\Program Files\CODE\apache-tomcat-8.5.84\webapps\docs]에 대한 배치가 [732] 밀리초에 완료되었습니다.
17-Jan-2023 17:46:02.754 정보 [localhost-startStop-1] org.apache.catalina.startup.HostConfig.deployDirectory 웹 애플리케이션 디렉토리 [C:\Program Files\CODE\apache-tomcat-8.5.84\webapps\examples]을(를) 배치합니다.
17-Jan-2023 17:46:03.227 정보 [localhost-startStop-1] org.apache.catalina.startup.HostConfig.deployDirectory 웹 애플리케이션 디렉토리 [C:\Program Files\CODE\apache-tomcat-8.5.84\webapps\examples]에 대한 배치가 [473] 밀리초에 완료되었습니다.
17-Jan-2023 17:46:03.230 정보 [localhost-startStop-1] org.apache.catalina.startup.HostConfig.deployDirectory 웹 애플리케이션 디렉토리 [C:\Program Files\CODE\apache-tomcat-8.5.84\webapps\host-manager]을(를) 배치합니다.
17-Jan-2023 17:46:03.270 정보 [localhost-startStop-1] org.apache.catalina.startup.HostConfig.deployDirectory 웹 애플리케이션 디렉토리 [C:\Program Files\CODE\apache-tomcat-8.5.84\webapps\host-manager]에 대한 배치가 [40] 밀리초에 완료되었습니다.
17-Jan-2023 17:46:03.272 정보 [localhost-startStop-1] org.apache.catalina.startup.HostConfig.deployDirectory 웹 애플리케이션 디렉토리 [C:\Program Files\CODE\apache-tomcat-8.5.84\webapps\manager]을(를) 배치합니다.
17-Jan-2023 17:46:03.309 정보 [localhost-startStop-1] org.apache.catalina.startup.HostConfig.deployDirectory 웹 애플리케이션 디렉토리 [C:\Program Files\CODE\apache-tomcat-8.5.84\webapps\manager]에 대한 배치가 [37] 밀리초에 완료되었습니다.
17-Jan-2023 17:46:03.311 정보 [localhost-startStop-1] org.apache.catalina.startup.HostConfig.deployDirectory 웹 애플리케이션 디렉토리 [C:\Program Files\CODE\apache-tomcat-8.5.84\webapps\ROOT]을(를) 배치합니다.
17-Jan-2023 17:46:03.337 정보 [localhost-startStop-1] org.apache.catalina.startup.HostConfig.deployDirectory 웹 애플리케이션 디렉토리 [C:\Program Files\CODE\apache-tomcat-8.5.84\webapps\ROOT]에 대한 배치가 [26] 밀리초에 완료되었습니다.
17-Jan-2023 17:46:03.342 정보 [main] org.apache.coyote.AbstractProtocol.start 프로토콜 핸들러 ["http-nio-8081"]을(를) 시작합니다.
17-Jan-2023 17:46:03.822 정보 [main] org.apache.catalina.startup.Catalina.start Server startup in 1897 ms
17-Jan-2023 17:54:40.862 경고 [http-nio-8081-exec-3] org.apache.catalina.realm.LockOutRealm.filterLockedAccounts 잠금 상태인 사용자 [admin]을(를) 인증하려는 시도가 이루어졌습니다.
17-Jan-2023 17:55:20.024 경고 [http-nio-8081-exec-6] org.apache.catalina.realm.LockOutRealm.filterLockedAccounts 잠금 상태인 사용자 [admin]을(를) 인증하려는 시도가 이루어졌습니다.
17-Jan-2023 17:56:18.207 정보 [main] org.apache.catalina.core.StandardServer.await 셧다운 포트를 통해 유효한 셧다운 명령을 받았습니다. 서버 인스턴스를 중지시킵니다.
17-Jan-2023 17:56:18.212 정보 [main] org.apache.coyote.AbstractProtocol.pause 프로토콜 핸들러 ["http-nio-8081"]을(를) 일시 정지 중
17-Jan-2023 17:56:18.667 정보 [main] org.apache.catalina.core.StandardService.stopInternal 서비스 [Catalina]을(를) 중지시킵니다.
17-Jan-2023 17:56:18.697 정보 [main] org.apache.coyote.AbstractProtocol.stop 프로토콜 핸들러 ["http-nio-8081"]을(를) 중지시킵니다.
17-Jan-2023 17:56:18.706 정보 [main] org.apache.coyote.AbstractProtocol.destroy 프로토콜 핸들러 ["http-nio-8081"]을(를) 소멸시킵니다.
17-Jan-2023 17:56:22.512 심각 [main] org.apache.catalina.startup.Catalina.stopServer [localhost:8005] (base 포트 [8005] 그리고 offset [0])와(과) 연결할 수 없었습니다. Tomcat이 실행 중이지 않을 수 있습니다.
17-Jan-2023 17:56:29.611 정보 [main] org.apache.catalina.startup.VersionLoggerListener.log 서버 버전 이름:    Apache Tomcat/8.5.84
17-Jan-2023 17:56:29.616 정보 [main] org.apache.catalina.startup.VersionLoggerListener.log Server 빌드 시각:  Nov 16 2022 13:34:24 UTC
17-Jan-2023 17:56:29.616 정보 [main] org.apache.catalina.startup.VersionLoggerListener.log Server 버전 번호:  8.5.84.0
17-Jan-2023 17:56:29.616 정보 [main] org.apache.catalina.startup.VersionLoggerListener.log 운영체제 이름:     Windows 10
17-Jan-2023 17:56:29.617 정보 [main] org.apache.catalina.startup.VersionLoggerListener.log 운영체제 버전:     10.0
17-Jan-2023 17:56:29.617 정보 [main] org.apache.catalina.startup.VersionLoggerListener.log 아키텍처:          amd64
17-Jan-2023 17:56:29.617 정보 [main] org.apache.catalina.startup.VersionLoggerListener.log 자바 홈:           C:\Program Files\java-11
17-Jan-2023 17:56:29.617 정보 [main] org.apache.catalina.startup.VersionLoggerListener.log JVM 버전:          11.0.15+9-LTS
17-Jan-2023 17:56:29.617 정보 [main] org.apache.catalina.startup.VersionLoggerListener.log JVM 벤더:          ojdkbuild
17-Jan-2023 17:56:29.617 정보 [main] org.apache.catalina.startup.VersionLoggerListener.log CATALINA_BASE:     C:\Program Files\CODE\apache-tomcat-8.5.84
17-Jan-2023 17:56:29.618 정보 [main] org.apache.catalina.startup.VersionLoggerListener.log CATALINA_HOME:     C:\Program Files\CODE\apache-tomcat-8.5.84
17-Jan-2023 17:56:29.619 정보 [main] org.apache.catalina.startup.VersionLoggerListener.log 명령 행 아규먼트:  --add-opens=java.base/java.lang=ALL-UNNAMED
17-Jan-2023 17:56:29.620 정보 [main] org.apache.catalina.startup.VersionLoggerListener.log 명령 행 아규먼트:  --add-opens=java.base/java.io=ALL-UNNAMED
17-Jan-2023 17:56:29.620 정보 [main] org.apache.catalina.startup.VersionLoggerListener.log 명령 행 아규먼트:  --add-opens=java.base/java.util=ALL-UNNAMED
17-Jan-2023 17:56:29.621 정보 [main] org.apache.catalina.startup.VersionLoggerListener.log 명령 행 아규먼트:  --add-opens=java.base/java.util.concurrent=ALL-UNNAMED
17-Jan-2023 17:56:29.623 정보 [main] org.apache.catalina.startup.VersionLoggerListener.log 명령 행 아규먼트:  --add-opens=java.rmi/sun.rmi.transport=ALL-UNNAMED
17-Jan-2023 17:56:29.623 정보 [main] org.apache.catalina.startup.VersionLoggerListener.log 명령 행 아규먼트:  -Djava.util.logging.config.file=C:\Program Files\CODE\apache-tomcat-8.5.84\conf\logging.properties
17-Jan-2023 17:56:29.624 정보 [main] org.apache.catalina.startup.VersionLoggerListener.log 명령 행 아규먼트:  -Djava.util.logging.manager=org.apache.juli.ClassLoaderLogManager
17-Jan-2023 17:56:29.625 정보 [main] org.apache.catalina.startup.VersionLoggerListener.log 명령 행 아규먼트:  -Djdk.tls.ephemeralDHKeySize=2048
17-Jan-2023 17:56:29.626 정보 [main] org.apache.catalina.startup.VersionLoggerListener.log 명령 행 아규먼트:  -Djava.protocol.handler.pkgs=org.apache.catalina.webresources
17-Jan-2023 17:56:29.626 정보 [main] org.apache.catalina.startup.VersionLoggerListener.log 명령 행 아규먼트:  -Dignore.endorsed.dirs=
17-Jan-2023 17:56:29.627 정보 [main] org.apache.catalina.startup.VersionLoggerListener.log 명령 행 아규먼트:  -Dcatalina.base=C:\Program Files\CODE\apache-tomcat-8.5.84
17-Jan-2023 17:56:29.628 정보 [main] org.apache.catalina.startup.VersionLoggerListener.log 명령 행 아규먼트:  -Dcatalina.home=C:\Program Files\CODE\apache-tomcat-8.5.84
17-Jan-2023 17:56:29.629 정보 [main] org.apache.catalina.startup.VersionLoggerListener.log 명령 행 아규먼트:  -Djava.io.tmpdir=C:\Program Files\CODE\apache-tomcat-8.5.84\temp
17-Jan-2023 17:56:29.629 정보 [main] org.apache.catalina.core.AprLifecycleListener.lifecycleEvent APR 버전 [1.7.0]을(를) 사용한, APR 기반 Apache Tomcat Native 라이브러리 [1.2.35]을(를) 로드했습니다.
17-Jan-2023 17:56:29.630 정보 [main] org.apache.catalina.core.AprLifecycleListener.lifecycleEvent APR 용량정보들: IPv6 [true], sendfile [true], accept filters [false], random [true], UDS [{4}].
17-Jan-2023 17:56:29.631 정보 [main] org.apache.catalina.core.AprLifecycleListener.lifecycleEvent APR/OpenSSL 설정: useAprConnector [false], useOpenSSL [true]
17-Jan-2023 17:56:29.636 정보 [main] org.apache.catalina.core.AprLifecycleListener.initializeSSL OpenSSL이 성공적으로 초기화되었습니다: [OpenSSL 1.1.1q  5 Jul 2022]
17-Jan-2023 17:56:29.671 정보 [main] org.apache.coyote.AbstractProtocol.init 프로토콜 핸들러 ["http-nio-8081"]을(를) 초기화합니다.
17-Jan-2023 17:56:29.691 정보 [main] org.apache.catalina.startup.Catalina.load Initialization processed in 436 ms
17-Jan-2023 17:56:29.739 정보 [main] org.apache.catalina.core.StandardService.startInternal 서비스 [Catalina]을(를) 시작합니다.
17-Jan-2023 17:56:29.741 정보 [main] org.apache.catalina.core.StandardEngine.startInternal 서버 엔진을 시작합니다: [Apache Tomcat/8.5.84]
17-Jan-2023 17:56:29.757 정보 [localhost-startStop-1] org.apache.catalina.startup.HostConfig.deployDirectory 웹 애플리케이션 디렉토리 [C:\Program Files\CODE\apache-tomcat-8.5.84\webapps\docs]을(를) 배치합니다.
17-Jan-2023 17:56:30.392 경고 [localhost-startStop-1] org.apache.catalina.util.SessionIdGeneratorBase.createSecureRandom [SHA1PRNG] 알고리즘을 사용하여, 세션 ID를 생성하기 위한 SecureRandom 객체를 생성하는데, [437] 밀리초가 소요됐습니다.
17-Jan-2023 17:56:30.414 정보 [localhost-startStop-1] org.apache.catalina.startup.HostConfig.deployDirectory 웹 애플리케이션 디렉토리 [C:\Program Files\CODE\apache-tomcat-8.5.84\webapps\docs]에 대한 배치가 [657] 밀리초에 완료되었습니다.
17-Jan-2023 17:56:30.415 정보 [localhost-startStop-1] org.apache.catalina.startup.HostConfig.deployDirectory 웹 애플리케이션 디렉토리 [C:\Program Files\CODE\apache-tomcat-8.5.84\webapps\examples]을(를) 배치합니다.
17-Jan-2023 17:56:30.762 정보 [localhost-startStop-1] org.apache.catalina.startup.HostConfig.deployDirectory 웹 애플리케이션 디렉토리 [C:\Program Files\CODE\apache-tomcat-8.5.84\webapps\examples]에 대한 배치가 [347] 밀리초에 완료되었습니다.
17-Jan-2023 17:56:30.764 정보 [localhost-startStop-1] org.apache.catalina.startup.HostConfig.deployDirectory 웹 애플리케이션 디렉토리 [C:\Program Files\CODE\apache-tomcat-8.5.84\webapps\host-manager]을(를) 배치합니다.
17-Jan-2023 17:56:30.799 정보 [localhost-startStop-1] org.apache.catalina.startup.HostConfig.deployDirectory 웹 애플리케이션 디렉토리 [C:\Program Files\CODE\apache-tomcat-8.5.84\webapps\host-manager]에 대한 배치가 [35] 밀리초에 완료되었습니다.
17-Jan-2023 17:56:30.801 정보 [localhost-startStop-1] org.apache.catalina.startup.HostConfig.deployDirectory 웹 애플리케이션 디렉토리 [C:\Program Files\CODE\apache-tomcat-8.5.84\webapps\manager]을(를) 배치합니다.
17-Jan-2023 17:56:30.831 정보 [localhost-startStop-1] org.apache.catalina.startup.HostConfig.deployDirectory 웹 애플리케이션 디렉토리 [C:\Program Files\CODE\apache-tomcat-8.5.84\webapps\manager]에 대한 배치가 [30] 밀리초에 완료되었습니다.
17-Jan-2023 17:56:30.833 정보 [localhost-startStop-1] org.apache.catalina.startup.HostConfig.deployDirectory 웹 애플리케이션 디렉토리 [C:\Program Files\CODE\apache-tomcat-8.5.84\webapps\ROOT]을(를) 배치합니다.
17-Jan-2023 17:56:30.854 정보 [localhost-startStop-1] org.apache.catalina.startup.HostConfig.deployDirectory 웹 애플리케이션 디렉토리 [C:\Program Files\CODE\apache-tomcat-8.5.84\webapps\ROOT]에 대한 배치가 [21] 밀리초에 완료되었습니다.
17-Jan-2023 17:56:30.860 정보 [main] org.apache.coyote.AbstractProtocol.start 프로토콜 핸들러 ["http-nio-8081"]을(를) 시작합니다.
17-Jan-2023 17:56:31.311 정보 [main] org.apache.catalina.startup.Catalina.start Server startup in 1619 ms
